2024-04-12 11:18:47,533 INFO PERFORMANCE:|2|2|2|-1|-1|4|3

2024-04-12 11:18:47,533 INFO Task worker status: 
naming_0%8, pending tasks: 0
naming_1%8, pending tasks: 0
naming_2%8, pending tasks: 0
naming_3%8, pending tasks: 0
naming_4%8, pending tasks: 0
naming_5%8, pending tasks: 0
naming_6%8, pending tasks: 0
naming_7%8, pending tasks: 0


2024-04-12 11:18:47,533 INFO DISTRO:|0|0|0|

2024-04-12 11:19:47,544 INFO PERFORMANCE:|2|2|2|-1|-1|4|3

2024-04-12 11:19:47,544 INFO Task worker status: 
naming_0%8, pending tasks: 0
naming_1%8, pending tasks: 0
naming_2%8, pending tasks: 0
naming_3%8, pending tasks: 0
naming_4%8, pending tasks: 0
naming_5%8, pending tasks: 0
naming_6%8, pending tasks: 0
naming_7%8, pending tasks: 0


2024-04-12 11:19:47,548 INFO DISTRO:|0|0|0|

2024-04-12 11:20:47,550 INFO PERFORMANCE:|2|2|2|-1|-1|4|3

2024-04-12 11:20:47,550 INFO Task worker status: 
naming_0%8, pending tasks: 0
naming_1%8, pending tasks: 0
naming_2%8, pending tasks: 0
naming_3%8, pending tasks: 0
naming_4%8, pending tasks: 0
naming_5%8, pending tasks: 0
naming_6%8, pending tasks: 0
naming_7%8, pending tasks: 0


2024-04-12 11:20:47,550 INFO DISTRO:|0|0|0|

2024-04-12 11:21:47,556 INFO PERFORMANCE:|serviceCount|ipCount|subscribeCount|maxPushCost|avgPushCost|totalPushCount|failPushCount

2024-04-12 11:21:47,556 INFO DISTRO:|V1SyncDone|V1SyncFail|V2SyncDone|V2SyncFail|V2VerifyFail|

2024-04-12 11:21:47,556 INFO PERFORMANCE:|2|2|2|-1|-1|4|3

2024-04-12 11:21:47,556 INFO Task worker status: 
naming_0%8, pending tasks: 0
naming_1%8, pending tasks: 0
naming_2%8, pending tasks: 0
naming_3%8, pending tasks: 0
naming_4%8, pending tasks: 0
naming_5%8, pending tasks: 0
naming_6%8, pending tasks: 0
naming_7%8, pending tasks: 0


2024-04-12 11:21:47,556 INFO DISTRO:|0|0|0|

2024-04-12 11:22:47,570 INFO PERFORMANCE:|2|2|2|-1|-1|4|3

2024-04-12 11:22:47,570 INFO Task worker status: 
naming_0%8, pending tasks: 0
naming_1%8, pending tasks: 0
naming_2%8, pending tasks: 0
naming_3%8, pending tasks: 0
naming_4%8, pending tasks: 0
naming_5%8, pending tasks: 0
naming_6%8, pending tasks: 0
naming_7%8, pending tasks: 0


2024-04-12 11:22:47,570 INFO DISTRO:|0|0|0|

2024-04-12 11:23:47,580 INFO PERFORMANCE:|2|2|2|-1|-1|4|3

2024-04-12 11:23:47,580 INFO Task worker status: 
naming_0%8, pending tasks: 0
naming_1%8, pending tasks: 0
naming_2%8, pending tasks: 0
naming_3%8, pending tasks: 0
naming_4%8, pending tasks: 0
naming_5%8, pending tasks: 0
naming_6%8, pending tasks: 0
naming_7%8, pending tasks: 0


2024-04-12 11:23:47,580 INFO DISTRO:|0|0|0|

2024-04-12 11:24:47,582 INFO PERFORMANCE:|2|2|2|-1|-1|4|3

2024-04-12 11:24:47,582 INFO Task worker status: 
naming_0%8, pending tasks: 0
naming_1%8, pending tasks: 0
naming_2%8, pending tasks: 0
naming_3%8, pending tasks: 0
naming_4%8, pending tasks: 0
naming_5%8, pending tasks: 0
naming_6%8, pending tasks: 0
naming_7%8, pending tasks: 0


2024-04-12 11:24:47,582 INFO DISTRO:|0|0|0|

2024-04-12 11:25:47,588 INFO PERFORMANCE:|2|2|2|-1|-1|4|3

2024-04-12 11:25:47,588 INFO Task worker status: 
naming_0%8, pending tasks: 0
naming_1%8, pending tasks: 0
naming_2%8, pending tasks: 0
naming_3%8, pending tasks: 0
naming_4%8, pending tasks: 0
naming_5%8, pending tasks: 0
naming_6%8, pending tasks: 0
naming_7%8, pending tasks: 0


2024-04-12 11:25:47,588 INFO DISTRO:|0|0|0|

2024-04-12 11:26:47,602 INFO PERFORMANCE:|2|2|2|-1|-1|4|3

2024-04-12 11:26:47,602 INFO Task worker status: 
naming_0%8, pending tasks: 0
naming_1%8, pending tasks: 0
naming_2%8, pending tasks: 0
naming_3%8, pending tasks: 0
naming_4%8, pending tasks: 0
naming_5%8, pending tasks: 0
naming_6%8, pending tasks: 0
naming_7%8, pending tasks: 0


2024-04-12 11:26:47,602 INFO DISTRO:|0|0|0|

2024-04-12 11:27:47,616 INFO PERFORMANCE:|2|2|2|-1|-1|4|3

2024-04-12 11:27:47,616 INFO Task worker status: 
naming_0%8, pending tasks: 0
naming_1%8, pending tasks: 0
naming_2%8, pending tasks: 0
naming_3%8, pending tasks: 0
naming_4%8, pending tasks: 0
naming_5%8, pending tasks: 0
naming_6%8, pending tasks: 0
naming_7%8, pending tasks: 0


2024-04-12 11:27:47,616 INFO DISTRO:|0|0|0|

2024-04-12 11:28:47,631 INFO PERFORMANCE:|2|2|2|-1|-1|4|3

2024-04-12 11:28:47,631 INFO Task worker status: 
naming_0%8, pending tasks: 0
naming_1%8, pending tasks: 0
naming_2%8, pending tasks: 0
naming_3%8, pending tasks: 0
naming_4%8, pending tasks: 0
naming_5%8, pending tasks: 0
naming_6%8, pending tasks: 0
naming_7%8, pending tasks: 0


2024-04-12 11:28:47,631 INFO DISTRO:|0|0|0|

2024-04-12 11:29:47,634 INFO PERFORMANCE:|2|2|2|-1|-1|4|3

2024-04-12 11:29:47,634 INFO Task worker status: 
naming_0%8, pending tasks: 0
naming_1%8, pending tasks: 0
naming_2%8, pending tasks: 0
naming_3%8, pending tasks: 0
naming_4%8, pending tasks: 0
naming_5%8, pending tasks: 0
naming_6%8, pending tasks: 0
naming_7%8, pending tasks: 0


2024-04-12 11:29:47,634 INFO DISTRO:|0|0|0|

2024-04-12 11:30:47,642 INFO PERFORMANCE:|2|2|2|-1|-1|4|3

2024-04-12 11:30:47,642 INFO Task worker status: 
naming_0%8, pending tasks: 0
naming_1%8, pending tasks: 0
naming_2%8, pending tasks: 0
naming_3%8, pending tasks: 0
naming_4%8, pending tasks: 0
naming_5%8, pending tasks: 0
naming_6%8, pending tasks: 0
naming_7%8, pending tasks: 0


2024-04-12 11:30:47,642 INFO DISTRO:|0|0|0|

2024-04-12 11:31:47,658 INFO PERFORMANCE:|serviceCount|ipCount|subscribeCount|maxPushCost|avgPushCost|totalPushCount|failPushCount

2024-04-12 11:31:47,658 INFO DISTRO:|V1SyncDone|V1SyncFail|V2SyncDone|V2SyncFail|V2VerifyFail|

2024-04-12 11:31:47,658 INFO PERFORMANCE:|2|2|2|-1|-1|4|3

2024-04-12 11:31:47,658 INFO Task worker status: 
naming_0%8, pending tasks: 0
naming_1%8, pending tasks: 0
naming_2%8, pending tasks: 0
naming_3%8, pending tasks: 0
naming_4%8, pending tasks: 0
naming_5%8, pending tasks: 0
naming_6%8, pending tasks: 0
naming_7%8, pending tasks: 0


2024-04-12 11:31:47,658 INFO DISTRO:|0|0|0|

2024-04-12 11:32:47,661 INFO PERFORMANCE:|2|0|0|-1|-1|4|5

2024-04-12 11:32:47,661 INFO Task worker status: 
naming_0%8, pending tasks: 0
naming_1%8, pending tasks: 0
naming_2%8, pending tasks: 0
naming_3%8, pending tasks: 0
naming_4%8, pending tasks: 0
naming_5%8, pending tasks: 0
naming_6%8, pending tasks: 0
naming_7%8, pending tasks: 0


2024-04-12 11:32:47,661 INFO DISTRO:|0|0|0|

2024-04-12 11:33:47,669 INFO PERFORMANCE:|2|0|0|-1|-1|4|6

2024-04-12 11:33:47,669 INFO Task worker status: 
naming_0%8, pending tasks: 0
naming_1%8, pending tasks: 0
naming_2%8, pending tasks: 0
naming_3%8, pending tasks: 0
naming_4%8, pending tasks: 0
naming_5%8, pending tasks: 0
naming_6%8, pending tasks: 0
naming_7%8, pending tasks: 0


2024-04-12 11:33:47,669 INFO DISTRO:|0|0|0|

2024-04-12 11:34:47,683 INFO PERFORMANCE:|0|0|0|-1|-1|4|6

2024-04-12 11:34:47,683 INFO Task worker status: 
naming_0%8, pending tasks: 0
naming_1%8, pending tasks: 0
naming_2%8, pending tasks: 0
naming_3%8, pending tasks: 0
naming_4%8, pending tasks: 0
naming_5%8, pending tasks: 0
naming_6%8, pending tasks: 0
naming_7%8, pending tasks: 0


2024-04-12 11:34:47,683 INFO DISTRO:|0|0|0|

2024-04-12 11:35:47,692 INFO PERFORMANCE:|0|0|0|-1|-1|4|6

2024-04-12 11:35:47,692 INFO Task worker status: 
naming_0%8, pending tasks: 0
naming_1%8, pending tasks: 0
naming_2%8, pending tasks: 0
naming_3%8, pending tasks: 0
naming_4%8, pending tasks: 0
naming_5%8, pending tasks: 0
naming_6%8, pending tasks: 0
naming_7%8, pending tasks: 0


2024-04-12 11:35:47,692 INFO DISTRO:|0|0|0|

2024-04-12 11:36:47,705 INFO PERFORMANCE:|0|0|0|-1|-1|4|6

2024-04-12 11:36:47,705 INFO Task worker status: 
naming_0%8, pending tasks: 0
naming_1%8, pending tasks: 0
naming_2%8, pending tasks: 0
naming_3%8, pending tasks: 0
naming_4%8, pending tasks: 0
naming_5%8, pending tasks: 0
naming_6%8, pending tasks: 0
naming_7%8, pending tasks: 0


2024-04-12 11:36:47,705 INFO DISTRO:|0|0|0|

2024-04-12 11:37:47,717 INFO PERFORMANCE:|0|0|0|-1|-1|4|6

2024-04-12 11:37:47,717 INFO Task worker status: 
naming_0%8, pending tasks: 0
naming_1%8, pending tasks: 0
naming_2%8, pending tasks: 0
naming_3%8, pending tasks: 0
naming_4%8, pending tasks: 0
naming_5%8, pending tasks: 0
naming_6%8, pending tasks: 0
naming_7%8, pending tasks: 0


2024-04-12 11:37:47,717 INFO DISTRO:|0|0|0|

2024-04-12 11:38:47,719 INFO PERFORMANCE:|0|0|0|-1|-1|4|6

2024-04-12 11:38:47,719 INFO Task worker status: 
naming_0%8, pending tasks: 0
naming_1%8, pending tasks: 0
naming_2%8, pending tasks: 0
naming_3%8, pending tasks: 0
naming_4%8, pending tasks: 0
naming_5%8, pending tasks: 0
naming_6%8, pending tasks: 0
naming_7%8, pending tasks: 0


2024-04-12 11:38:47,719 INFO DISTRO:|0|0|0|

2024-04-12 11:39:47,731 INFO PERFORMANCE:|0|0|0|-1|-1|4|6

2024-04-12 11:39:47,731 INFO Task worker status: 
naming_0%8, pending tasks: 0
naming_1%8, pending tasks: 0
naming_2%8, pending tasks: 0
naming_3%8, pending tasks: 0
naming_4%8, pending tasks: 0
naming_5%8, pending tasks: 0
naming_6%8, pending tasks: 0
naming_7%8, pending tasks: 0


2024-04-12 11:39:47,731 INFO DISTRO:|0|0|0|

2024-04-12 11:40:47,731 INFO PERFORMANCE:|0|0|0|-1|-1|4|6

2024-04-12 11:40:47,731 INFO Task worker status: 
naming_0%8, pending tasks: 0
naming_1%8, pending tasks: 0
naming_2%8, pending tasks: 0
naming_3%8, pending tasks: 0
naming_4%8, pending tasks: 0
naming_5%8, pending tasks: 0
naming_6%8, pending tasks: 0
naming_7%8, pending tasks: 0


2024-04-12 11:40:47,731 INFO DISTRO:|0|0|0|

2024-04-12 11:41:47,732 INFO PERFORMANCE:|serviceCount|ipCount|subscribeCount|maxPushCost|avgPushCost|totalPushCount|failPushCount

2024-04-12 11:41:47,732 INFO DISTRO:|V1SyncDone|V1SyncFail|V2SyncDone|V2SyncFail|V2VerifyFail|

2024-04-12 11:41:47,732 INFO PERFORMANCE:|0|0|0|-1|-1|4|6

2024-04-12 11:41:47,732 INFO Task worker status: 
naming_0%8, pending tasks: 0
naming_1%8, pending tasks: 0
naming_2%8, pending tasks: 0
naming_3%8, pending tasks: 0
naming_4%8, pending tasks: 0
naming_5%8, pending tasks: 0
naming_6%8, pending tasks: 0
naming_7%8, pending tasks: 0


2024-04-12 11:41:47,732 INFO DISTRO:|0|0|0|

2024-04-12 11:42:47,739 INFO PERFORMANCE:|0|0|0|-1|-1|4|6

2024-04-12 11:42:47,739 INFO Task worker status: 
naming_0%8, pending tasks: 0
naming_1%8, pending tasks: 0
naming_2%8, pending tasks: 0
naming_3%8, pending tasks: 0
naming_4%8, pending tasks: 0
naming_5%8, pending tasks: 0
naming_6%8, pending tasks: 0
naming_7%8, pending tasks: 0


2024-04-12 11:42:47,739 INFO DISTRO:|0|0|0|

2024-04-12 11:43:47,750 INFO PERFORMANCE:|0|0|0|-1|-1|4|6

2024-04-12 11:43:47,750 INFO Task worker status: 
naming_0%8, pending tasks: 0
naming_1%8, pending tasks: 0
naming_2%8, pending tasks: 0
naming_3%8, pending tasks: 0
naming_4%8, pending tasks: 0
naming_5%8, pending tasks: 0
naming_6%8, pending tasks: 0
naming_7%8, pending tasks: 0


2024-04-12 11:43:47,750 INFO DISTRO:|0|0|0|

2024-04-12 11:44:47,756 INFO PERFORMANCE:|0|0|0|-1|-1|4|6

2024-04-12 11:44:47,756 INFO Task worker status: 
naming_0%8, pending tasks: 0
naming_1%8, pending tasks: 0
naming_2%8, pending tasks: 0
naming_3%8, pending tasks: 0
naming_4%8, pending tasks: 0
naming_5%8, pending tasks: 0
naming_6%8, pending tasks: 0
naming_7%8, pending tasks: 0


2024-04-12 11:44:47,756 INFO DISTRO:|0|0|0|

2024-04-12 11:45:47,757 INFO PERFORMANCE:|0|0|0|-1|-1|4|6

2024-04-12 11:45:47,757 INFO Task worker status: 
naming_0%8, pending tasks: 0
naming_1%8, pending tasks: 0
naming_2%8, pending tasks: 0
naming_3%8, pending tasks: 0
naming_4%8, pending tasks: 0
naming_5%8, pending tasks: 0
naming_6%8, pending tasks: 0
naming_7%8, pending tasks: 0


2024-04-12 11:45:47,757 INFO DISTRO:|0|0|0|

2024-04-12 11:46:47,771 INFO PERFORMANCE:|0|0|0|-1|-1|4|6

2024-04-12 11:46:47,771 INFO Task worker status: 
naming_0%8, pending tasks: 0
naming_1%8, pending tasks: 0
naming_2%8, pending tasks: 0
naming_3%8, pending tasks: 0
naming_4%8, pending tasks: 0
naming_5%8, pending tasks: 0
naming_6%8, pending tasks: 0
naming_7%8, pending tasks: 0


2024-04-12 11:46:47,771 INFO DISTRO:|0|0|0|

2024-04-12 11:47:47,775 INFO PERFORMANCE:|0|0|0|-1|-1|4|6

2024-04-12 11:47:47,775 INFO Task worker status: 
naming_0%8, pending tasks: 0
naming_1%8, pending tasks: 0
naming_2%8, pending tasks: 0
naming_3%8, pending tasks: 0
naming_4%8, pending tasks: 0
naming_5%8, pending tasks: 0
naming_6%8, pending tasks: 0
naming_7%8, pending tasks: 0


2024-04-12 11:47:47,775 INFO DISTRO:|0|0|0|

2024-04-12 11:48:47,777 INFO PERFORMANCE:|2|2|2|578|561|6|6

2024-04-12 11:48:47,777 INFO Task worker status: 
naming_0%8, pending tasks: 0
naming_1%8, pending tasks: 0
naming_2%8, pending tasks: 0
naming_3%8, pending tasks: 0
naming_4%8, pending tasks: 0
naming_5%8, pending tasks: 0
naming_6%8, pending tasks: 0
naming_7%8, pending tasks: 0


2024-04-12 11:48:47,777 INFO DISTRO:|0|0|0|

2024-04-12 11:49:47,778 INFO PERFORMANCE:|2|2|2|-1|-1|6|6

2024-04-12 11:49:47,778 INFO Task worker status: 
naming_0%8, pending tasks: 0
naming_1%8, pending tasks: 0
naming_2%8, pending tasks: 0
naming_3%8, pending tasks: 0
naming_4%8, pending tasks: 0
naming_5%8, pending tasks: 0
naming_6%8, pending tasks: 0
naming_7%8, pending tasks: 0


2024-04-12 11:49:47,778 INFO DISTRO:|0|0|0|

2024-04-12 11:50:47,787 INFO PERFORMANCE:|2|2|2|-1|-1|6|6

2024-04-12 11:50:47,787 INFO Task worker status: 
naming_0%8, pending tasks: 0
naming_1%8, pending tasks: 0
naming_2%8, pending tasks: 0
naming_3%8, pending tasks: 0
naming_4%8, pending tasks: 0
naming_5%8, pending tasks: 0
naming_6%8, pending tasks: 0
naming_7%8, pending tasks: 0


2024-04-12 11:50:47,787 INFO DISTRO:|0|0|0|

2024-04-12 11:51:47,801 INFO PERFORMANCE:|serviceCount|ipCount|subscribeCount|maxPushCost|avgPushCost|totalPushCount|failPushCount

2024-04-12 11:51:47,801 INFO DISTRO:|V1SyncDone|V1SyncFail|V2SyncDone|V2SyncFail|V2VerifyFail|

2024-04-12 11:51:47,801 INFO PERFORMANCE:|2|2|2|-1|-1|6|6

2024-04-12 11:51:47,801 INFO Task worker status: 
naming_0%8, pending tasks: 0
naming_1%8, pending tasks: 0
naming_2%8, pending tasks: 0
naming_3%8, pending tasks: 0
naming_4%8, pending tasks: 0
naming_5%8, pending tasks: 0
naming_6%8, pending tasks: 0
naming_7%8, pending tasks: 0


2024-04-12 11:51:47,801 INFO DISTRO:|0|0|0|

2024-04-12 11:52:47,816 INFO PERFORMANCE:|2|2|2|-1|-1|6|6

2024-04-12 11:52:47,816 INFO Task worker status: 
naming_0%8, pending tasks: 0
naming_1%8, pending tasks: 0
naming_2%8, pending tasks: 0
naming_3%8, pending tasks: 0
naming_4%8, pending tasks: 0
naming_5%8, pending tasks: 0
naming_6%8, pending tasks: 0
naming_7%8, pending tasks: 0


2024-04-12 11:52:47,816 INFO DISTRO:|0|0|0|

2024-04-12 11:53:47,830 INFO PERFORMANCE:|2|2|2|-1|-1|6|6

2024-04-12 11:53:47,830 INFO Task worker status: 
naming_0%8, pending tasks: 0
naming_1%8, pending tasks: 0
naming_2%8, pending tasks: 0
naming_3%8, pending tasks: 0
naming_4%8, pending tasks: 0
naming_5%8, pending tasks: 0
naming_6%8, pending tasks: 0
naming_7%8, pending tasks: 0


2024-04-12 11:53:47,830 INFO DISTRO:|0|0|0|

2024-04-12 11:54:47,832 INFO PERFORMANCE:|2|2|2|-1|-1|6|6

2024-04-12 11:54:47,832 INFO Task worker status: 
naming_0%8, pending tasks: 0
naming_1%8, pending tasks: 0
naming_2%8, pending tasks: 0
naming_3%8, pending tasks: 0
naming_4%8, pending tasks: 0
naming_5%8, pending tasks: 0
naming_6%8, pending tasks: 0
naming_7%8, pending tasks: 0


2024-04-12 11:54:47,832 INFO DISTRO:|0|0|0|

2024-04-12 11:55:47,838 INFO PERFORMANCE:|2|2|2|-1|-1|6|6

2024-04-12 11:55:47,838 INFO Task worker status: 
naming_0%8, pending tasks: 0
naming_1%8, pending tasks: 0
naming_2%8, pending tasks: 0
naming_3%8, pending tasks: 0
naming_4%8, pending tasks: 0
naming_5%8, pending tasks: 0
naming_6%8, pending tasks: 0
naming_7%8, pending tasks: 0


2024-04-12 11:55:47,838 INFO DISTRO:|0|0|0|

2024-04-12 11:56:47,840 INFO PERFORMANCE:|2|2|2|-1|-1|6|6

2024-04-12 11:56:47,840 INFO Task worker status: 
naming_0%8, pending tasks: 0
naming_1%8, pending tasks: 0
naming_2%8, pending tasks: 0
naming_3%8, pending tasks: 0
naming_4%8, pending tasks: 0
naming_5%8, pending tasks: 0
naming_6%8, pending tasks: 0
naming_7%8, pending tasks: 0


2024-04-12 11:56:47,840 INFO DISTRO:|0|0|0|

2024-04-12 11:57:47,856 INFO PERFORMANCE:|2|2|2|-1|-1|6|6

2024-04-12 11:57:47,856 INFO Task worker status: 
naming_0%8, pending tasks: 0
naming_1%8, pending tasks: 0
naming_2%8, pending tasks: 0
naming_3%8, pending tasks: 0
naming_4%8, pending tasks: 0
naming_5%8, pending tasks: 0
naming_6%8, pending tasks: 0
naming_7%8, pending tasks: 0


2024-04-12 11:57:47,856 INFO DISTRO:|0|0|0|

2024-04-12 11:58:47,870 INFO PERFORMANCE:|2|2|2|-1|-1|6|6

2024-04-12 11:58:47,870 INFO Task worker status: 
naming_0%8, pending tasks: 0
naming_1%8, pending tasks: 0
naming_2%8, pending tasks: 0
naming_3%8, pending tasks: 0
naming_4%8, pending tasks: 0
naming_5%8, pending tasks: 0
naming_6%8, pending tasks: 0
naming_7%8, pending tasks: 0


2024-04-12 11:58:47,870 INFO DISTRO:|0|0|0|

2024-04-12 11:59:47,883 INFO PERFORMANCE:|2|2|2|-1|-1|6|6

2024-04-12 11:59:47,883 INFO Task worker status: 
naming_0%8, pending tasks: 0
naming_1%8, pending tasks: 0
naming_2%8, pending tasks: 0
naming_3%8, pending tasks: 0
naming_4%8, pending tasks: 0
naming_5%8, pending tasks: 0
naming_6%8, pending tasks: 0
naming_7%8, pending tasks: 0


2024-04-12 11:59:47,883 INFO DISTRO:|0|0|0|

2024-04-12 12:00:47,887 INFO PERFORMANCE:|2|2|2|-1|-1|6|6

2024-04-12 12:00:47,887 INFO Task worker status: 
naming_0%8, pending tasks: 0
naming_1%8, pending tasks: 0
naming_2%8, pending tasks: 0
naming_3%8, pending tasks: 0
naming_4%8, pending tasks: 0
naming_5%8, pending tasks: 0
naming_6%8, pending tasks: 0
naming_7%8, pending tasks: 0


2024-04-12 12:00:47,887 INFO DISTRO:|0|0|0|

2024-04-12 12:01:47,902 INFO PERFORMANCE:|serviceCount|ipCount|subscribeCount|maxPushCost|avgPushCost|totalPushCount|failPushCount

2024-04-12 12:01:47,902 INFO DISTRO:|V1SyncDone|V1SyncFail|V2SyncDone|V2SyncFail|V2VerifyFail|

2024-04-12 12:01:47,902 INFO PERFORMANCE:|2|2|2|-1|-1|6|6

2024-04-12 12:01:47,902 INFO Task worker status: 
naming_0%8, pending tasks: 0
naming_1%8, pending tasks: 0
naming_2%8, pending tasks: 0
naming_3%8, pending tasks: 0
naming_4%8, pending tasks: 0
naming_5%8, pending tasks: 0
naming_6%8, pending tasks: 0
naming_7%8, pending tasks: 0


2024-04-12 12:01:47,902 INFO DISTRO:|0|0|0|

2024-04-12 12:02:47,907 INFO PERFORMANCE:|2|2|2|-1|-1|6|6

2024-04-12 12:02:47,907 INFO Task worker status: 
naming_0%8, pending tasks: 0
naming_1%8, pending tasks: 0
naming_2%8, pending tasks: 0
naming_3%8, pending tasks: 0
naming_4%8, pending tasks: 0
naming_5%8, pending tasks: 0
naming_6%8, pending tasks: 0
naming_7%8, pending tasks: 0


2024-04-12 12:02:47,907 INFO DISTRO:|0|0|0|

2024-04-12 12:03:47,908 INFO PERFORMANCE:|2|2|2|-1|-1|6|6

2024-04-12 12:03:47,908 INFO Task worker status: 
naming_0%8, pending tasks: 0
naming_1%8, pending tasks: 0
naming_2%8, pending tasks: 0
naming_3%8, pending tasks: 0
naming_4%8, pending tasks: 0
naming_5%8, pending tasks: 0
naming_6%8, pending tasks: 0
naming_7%8, pending tasks: 0


2024-04-12 12:03:47,908 INFO DISTRO:|0|0|0|

2024-04-12 12:54:08,131 INFO PERFORMANCE:|2|2|2|-1|-1|6|43

2024-04-12 12:54:08,131 INFO Task worker status: 
naming_0%8, pending tasks: 0
naming_1%8, pending tasks: 0
naming_2%8, pending tasks: 0
naming_3%8, pending tasks: 0
naming_4%8, pending tasks: 0
naming_5%8, pending tasks: 0
naming_6%8, pending tasks: 0
naming_7%8, pending tasks: 0


2024-04-12 12:54:08,131 INFO DISTRO:|0|0|0|

2024-04-12 12:55:08,139 INFO PERFORMANCE:|2|2|2|-1|-1|6|98

2024-04-12 12:55:08,139 INFO Task worker status: 
naming_0%8, pending tasks: 0
naming_1%8, pending tasks: 0
naming_2%8, pending tasks: 0
naming_3%8, pending tasks: 0
naming_4%8, pending tasks: 0
naming_5%8, pending tasks: 0
naming_6%8, pending tasks: 0
naming_7%8, pending tasks: 0


2024-04-12 12:55:08,139 INFO DISTRO:|0|0|0|

2024-04-12 12:56:08,139 INFO PERFORMANCE:|2|2|2|-1|-1|6|154

2024-04-12 12:56:08,139 INFO Task worker status: 
naming_0%8, pending tasks: 0
naming_1%8, pending tasks: 0
naming_2%8, pending tasks: 0
naming_3%8, pending tasks: 0
naming_4%8, pending tasks: 0
naming_5%8, pending tasks: 0
naming_6%8, pending tasks: 0
naming_7%8, pending tasks: 0


2024-04-12 12:56:08,139 INFO DISTRO:|0|0|0|

2024-04-12 12:57:08,141 INFO PERFORMANCE:|2|2|2|-1|-1|6|209

2024-04-12 12:57:08,141 INFO Task worker status: 
naming_0%8, pending tasks: 0
naming_1%8, pending tasks: 0
naming_2%8, pending tasks: 0
naming_3%8, pending tasks: 0
naming_4%8, pending tasks: 0
naming_5%8, pending tasks: 0
naming_6%8, pending tasks: 0
naming_7%8, pending tasks: 0


2024-04-12 12:57:08,141 INFO DISTRO:|0|0|0|

2024-04-12 12:58:08,151 INFO PERFORMANCE:|2|2|2|-1|-1|6|264

2024-04-12 12:58:08,151 INFO Task worker status: 
naming_0%8, pending tasks: 0
naming_1%8, pending tasks: 0
naming_2%8, pending tasks: 0
naming_3%8, pending tasks: 0
naming_4%8, pending tasks: 0
naming_5%8, pending tasks: 0
naming_6%8, pending tasks: 0
naming_7%8, pending tasks: 0


2024-04-12 12:58:08,151 INFO DISTRO:|0|0|0|

2024-04-12 12:59:08,163 INFO PERFORMANCE:|2|2|2|-1|-1|6|319

2024-04-12 12:59:08,163 INFO Task worker status: 
naming_0%8, pending tasks: 0
naming_1%8, pending tasks: 0
naming_2%8, pending tasks: 0
naming_3%8, pending tasks: 0
naming_4%8, pending tasks: 0
naming_5%8, pending tasks: 0
naming_6%8, pending tasks: 0
naming_7%8, pending tasks: 0


2024-04-12 12:59:08,163 INFO DISTRO:|0|0|0|

2024-04-12 13:00:08,176 INFO PERFORMANCE:|2|2|2|-1|-1|6|375

2024-04-12 13:00:08,176 INFO Task worker status: 
naming_0%8, pending tasks: 0
naming_1%8, pending tasks: 0
naming_2%8, pending tasks: 0
naming_3%8, pending tasks: 0
naming_4%8, pending tasks: 0
naming_5%8, pending tasks: 0
naming_6%8, pending tasks: 0
naming_7%8, pending tasks: 0


2024-04-12 13:00:08,176 INFO DISTRO:|0|0|0|

2024-04-12 13:01:08,182 INFO PERFORMANCE:|serviceCount|ipCount|subscribeCount|maxPushCost|avgPushCost|totalPushCount|failPushCount

2024-04-12 13:01:08,182 INFO DISTRO:|V1SyncDone|V1SyncFail|V2SyncDone|V2SyncFail|V2VerifyFail|

2024-04-12 13:01:08,182 INFO PERFORMANCE:|2|2|2|-1|-1|6|430

2024-04-12 13:01:08,182 INFO Task worker status: 
naming_0%8, pending tasks: 0
naming_1%8, pending tasks: 0
naming_2%8, pending tasks: 0
naming_3%8, pending tasks: 0
naming_4%8, pending tasks: 0
naming_5%8, pending tasks: 0
naming_6%8, pending tasks: 0
naming_7%8, pending tasks: 0


2024-04-12 13:01:08,182 INFO DISTRO:|0|0|0|

2024-04-12 13:02:08,189 INFO PERFORMANCE:|2|2|2|-1|-1|6|485

2024-04-12 13:02:08,189 INFO Task worker status: 
naming_0%8, pending tasks: 0
naming_1%8, pending tasks: 0
naming_2%8, pending tasks: 0
naming_3%8, pending tasks: 0
naming_4%8, pending tasks: 0
naming_5%8, pending tasks: 0
naming_6%8, pending tasks: 0
naming_7%8, pending tasks: 0


2024-04-12 13:02:08,189 INFO DISTRO:|0|0|0|

2024-04-12 13:03:08,192 INFO PERFORMANCE:|2|2|2|-1|-1|6|540

2024-04-12 13:03:08,192 INFO Task worker status: 
naming_0%8, pending tasks: 0
naming_1%8, pending tasks: 0
naming_2%8, pending tasks: 0
naming_3%8, pending tasks: 0
naming_4%8, pending tasks: 0
naming_5%8, pending tasks: 0
naming_6%8, pending tasks: 0
naming_7%8, pending tasks: 0


2024-04-12 13:03:08,192 INFO DISTRO:|0|0|0|

2024-04-12 13:04:08,197 INFO PERFORMANCE:|2|2|2|-1|-1|6|595

2024-04-12 13:04:08,197 INFO Task worker status: 
naming_0%8, pending tasks: 0
naming_1%8, pending tasks: 0
naming_2%8, pending tasks: 0
naming_3%8, pending tasks: 0
naming_4%8, pending tasks: 0
naming_5%8, pending tasks: 0
naming_6%8, pending tasks: 0
naming_7%8, pending tasks: 0


2024-04-12 13:04:08,197 INFO DISTRO:|0|0|0|

2024-04-12 13:05:08,211 INFO PERFORMANCE:|2|2|2|-1|-1|6|650

2024-04-12 13:05:08,211 INFO Task worker status: 
naming_0%8, pending tasks: 0
naming_1%8, pending tasks: 0
naming_2%8, pending tasks: 0
naming_3%8, pending tasks: 0
naming_4%8, pending tasks: 0
naming_5%8, pending tasks: 0
naming_6%8, pending tasks: 0
naming_7%8, pending tasks: 0


2024-04-12 13:05:08,211 INFO DISTRO:|0|0|0|

2024-04-12 13:06:08,214 INFO PERFORMANCE:|2|2|2|-1|-1|6|706

2024-04-12 13:06:08,214 INFO Task worker status: 
naming_0%8, pending tasks: 0
naming_1%8, pending tasks: 0
naming_2%8, pending tasks: 0
naming_3%8, pending tasks: 0
naming_4%8, pending tasks: 0
naming_5%8, pending tasks: 0
naming_6%8, pending tasks: 0
naming_7%8, pending tasks: 0


2024-04-12 13:06:08,214 INFO DISTRO:|0|0|0|

2024-04-12 13:07:08,220 INFO PERFORMANCE:|2|2|2|-1|-1|6|761

2024-04-12 13:07:08,220 INFO Task worker status: 
naming_0%8, pending tasks: 0
naming_1%8, pending tasks: 0
naming_2%8, pending tasks: 0
naming_3%8, pending tasks: 0
naming_4%8, pending tasks: 0
naming_5%8, pending tasks: 0
naming_6%8, pending tasks: 0
naming_7%8, pending tasks: 0


2024-04-12 13:07:08,220 INFO DISTRO:|0|0|0|

2024-04-12 13:08:08,234 INFO PERFORMANCE:|2|2|2|-1|-1|6|816

2024-04-12 13:08:08,234 INFO Task worker status: 
naming_0%8, pending tasks: 0
naming_1%8, pending tasks: 0
naming_2%8, pending tasks: 0
naming_3%8, pending tasks: 0
naming_4%8, pending tasks: 0
naming_5%8, pending tasks: 0
naming_6%8, pending tasks: 0
naming_7%8, pending tasks: 0


2024-04-12 13:08:08,234 INFO DISTRO:|0|0|0|

2024-04-12 13:09:08,236 INFO PERFORMANCE:|2|2|2|-1|-1|6|871

2024-04-12 13:09:08,236 INFO Task worker status: 
naming_0%8, pending tasks: 0
naming_1%8, pending tasks: 0
naming_2%8, pending tasks: 0
naming_3%8, pending tasks: 0
naming_4%8, pending tasks: 0
naming_5%8, pending tasks: 0
naming_6%8, pending tasks: 0
naming_7%8, pending tasks: 0


2024-04-12 13:09:08,236 INFO DISTRO:|0|0|0|

2024-04-12 13:10:08,238 INFO PERFORMANCE:|2|2|2|-1|-1|6|926

2024-04-12 13:10:08,238 INFO Task worker status: 
naming_0%8, pending tasks: 0
naming_1%8, pending tasks: 0
naming_2%8, pending tasks: 0
naming_3%8, pending tasks: 0
naming_4%8, pending tasks: 0
naming_5%8, pending tasks: 0
naming_6%8, pending tasks: 0
naming_7%8, pending tasks: 0


2024-04-12 13:10:08,238 INFO DISTRO:|0|0|0|

2024-04-12 13:11:08,251 INFO PERFORMANCE:|serviceCount|ipCount|subscribeCount|maxPushCost|avgPushCost|totalPushCount|failPushCount

2024-04-12 13:11:08,251 INFO DISTRO:|V1SyncDone|V1SyncFail|V2SyncDone|V2SyncFail|V2VerifyFail|

2024-04-12 13:11:08,251 INFO PERFORMANCE:|2|2|2|-1|-1|6|981

2024-04-12 13:11:08,251 INFO Task worker status: 
naming_0%8, pending tasks: 0
naming_1%8, pending tasks: 0
naming_2%8, pending tasks: 0
naming_3%8, pending tasks: 0
naming_4%8, pending tasks: 0
naming_5%8, pending tasks: 0
naming_6%8, pending tasks: 0
naming_7%8, pending tasks: 0


2024-04-12 13:11:08,251 INFO DISTRO:|0|0|0|

2024-04-12 13:12:08,255 INFO PERFORMANCE:|2|2|2|-1|-1|6|1036

2024-04-12 13:12:08,255 INFO Task worker status: 
naming_0%8, pending tasks: 0
naming_1%8, pending tasks: 0
naming_2%8, pending tasks: 0
naming_3%8, pending tasks: 0
naming_4%8, pending tasks: 0
naming_5%8, pending tasks: 0
naming_6%8, pending tasks: 0
naming_7%8, pending tasks: 0


2024-04-12 13:12:08,255 INFO DISTRO:|0|0|0|

2024-04-12 13:13:08,267 INFO PERFORMANCE:|2|2|2|-1|-1|6|1092

2024-04-12 13:13:08,267 INFO Task worker status: 
naming_0%8, pending tasks: 0
naming_1%8, pending tasks: 0
naming_2%8, pending tasks: 0
naming_3%8, pending tasks: 0
naming_4%8, pending tasks: 0
naming_5%8, pending tasks: 0
naming_6%8, pending tasks: 0
naming_7%8, pending tasks: 0


2024-04-12 13:13:08,267 INFO DISTRO:|0|0|0|

2024-04-12 13:14:08,276 INFO PERFORMANCE:|2|2|2|-1|-1|6|1147

2024-04-12 13:14:08,276 INFO Task worker status: 
naming_0%8, pending tasks: 0
naming_1%8, pending tasks: 0
naming_2%8, pending tasks: 0
naming_3%8, pending tasks: 0
naming_4%8, pending tasks: 0
naming_5%8, pending tasks: 0
naming_6%8, pending tasks: 0
naming_7%8, pending tasks: 0


2024-04-12 13:14:08,276 INFO DISTRO:|0|0|0|

2024-04-12 13:15:08,279 INFO PERFORMANCE:|2|2|2|-1|-1|6|1202

2024-04-12 13:15:08,279 INFO Task worker status: 
naming_0%8, pending tasks: 0
naming_1%8, pending tasks: 0
naming_2%8, pending tasks: 0
naming_3%8, pending tasks: 0
naming_4%8, pending tasks: 0
naming_5%8, pending tasks: 0
naming_6%8, pending tasks: 0
naming_7%8, pending tasks: 0


2024-04-12 13:15:08,279 INFO DISTRO:|0|0|0|

2024-04-12 13:16:08,282 INFO PERFORMANCE:|2|2|2|-1|-1|6|1257

2024-04-12 13:16:08,282 INFO Task worker status: 
naming_0%8, pending tasks: 0
naming_1%8, pending tasks: 0
naming_2%8, pending tasks: 0
naming_3%8, pending tasks: 0
naming_4%8, pending tasks: 0
naming_5%8, pending tasks: 0
naming_6%8, pending tasks: 0
naming_7%8, pending tasks: 0


2024-04-12 13:16:08,282 INFO DISTRO:|0|0|0|

2024-04-12 13:17:08,292 INFO PERFORMANCE:|2|2|2|-1|-1|6|1312

2024-04-12 13:17:08,292 INFO Task worker status: 
naming_0%8, pending tasks: 0
naming_1%8, pending tasks: 0
naming_2%8, pending tasks: 0
naming_3%8, pending tasks: 0
naming_4%8, pending tasks: 0
naming_5%8, pending tasks: 0
naming_6%8, pending tasks: 0
naming_7%8, pending tasks: 0


2024-04-12 13:17:08,292 INFO DISTRO:|0|0|0|

2024-04-12 13:18:08,300 INFO PERFORMANCE:|2|2|2|1091|1091|7|1318

2024-04-12 13:18:08,300 INFO Task worker status: 
naming_0%8, pending tasks: 0
naming_1%8, pending tasks: 0
naming_2%8, pending tasks: 0
naming_3%8, pending tasks: 0
naming_4%8, pending tasks: 0
naming_5%8, pending tasks: 0
naming_6%8, pending tasks: 0
naming_7%8, pending tasks: 0


2024-04-12 13:18:08,300 INFO DISTRO:|0|0|0|

2024-04-12 13:19:08,313 INFO PERFORMANCE:|2|2|2|-1|-1|7|1318

2024-04-12 13:19:08,313 INFO Task worker status: 
naming_0%8, pending tasks: 0
naming_1%8, pending tasks: 0
naming_2%8, pending tasks: 0
naming_3%8, pending tasks: 0
naming_4%8, pending tasks: 0
naming_5%8, pending tasks: 0
naming_6%8, pending tasks: 0
naming_7%8, pending tasks: 0


2024-04-12 13:19:08,313 INFO DISTRO:|0|0|0|

2024-04-12 13:20:08,322 INFO PERFORMANCE:|2|2|2|-1|-1|7|1318

2024-04-12 13:20:08,322 INFO Task worker status: 
naming_0%8, pending tasks: 0
naming_1%8, pending tasks: 0
naming_2%8, pending tasks: 0
naming_3%8, pending tasks: 0
naming_4%8, pending tasks: 0
naming_5%8, pending tasks: 0
naming_6%8, pending tasks: 0
naming_7%8, pending tasks: 0


2024-04-12 13:20:08,322 INFO DISTRO:|0|0|0|

2024-04-12 13:21:08,328 INFO PERFORMANCE:|serviceCount|ipCount|subscribeCount|maxPushCost|avgPushCost|totalPushCount|failPushCount

2024-04-12 13:21:08,328 INFO DISTRO:|V1SyncDone|V1SyncFail|V2SyncDone|V2SyncFail|V2VerifyFail|

2024-04-12 13:21:08,328 INFO PERFORMANCE:|2|2|2|-1|-1|7|1318

2024-04-12 13:21:08,328 INFO Task worker status: 
naming_0%8, pending tasks: 0
naming_1%8, pending tasks: 0
naming_2%8, pending tasks: 0
naming_3%8, pending tasks: 0
naming_4%8, pending tasks: 0
naming_5%8, pending tasks: 0
naming_6%8, pending tasks: 0
naming_7%8, pending tasks: 0


2024-04-12 13:21:08,328 INFO DISTRO:|0|0|0|

2024-04-12 13:22:08,333 INFO PERFORMANCE:|2|2|2|-1|-1|7|1318

2024-04-12 13:22:08,333 INFO Task worker status: 
naming_0%8, pending tasks: 0
naming_1%8, pending tasks: 0
naming_2%8, pending tasks: 0
naming_3%8, pending tasks: 0
naming_4%8, pending tasks: 0
naming_5%8, pending tasks: 0
naming_6%8, pending tasks: 0
naming_7%8, pending tasks: 0


2024-04-12 13:22:08,333 INFO DISTRO:|0|0|0|

2024-04-12 13:23:08,347 INFO PERFORMANCE:|2|2|2|-1|-1|7|1318

2024-04-12 13:23:08,347 INFO Task worker status: 
naming_0%8, pending tasks: 0
naming_1%8, pending tasks: 0
naming_2%8, pending tasks: 0
naming_3%8, pending tasks: 0
naming_4%8, pending tasks: 0
naming_5%8, pending tasks: 0
naming_6%8, pending tasks: 0
naming_7%8, pending tasks: 0


2024-04-12 13:23:08,347 INFO DISTRO:|0|0|0|

2024-04-12 13:24:08,359 INFO PERFORMANCE:|2|2|2|-1|-1|7|1318

2024-04-12 13:24:08,359 INFO Task worker status: 
naming_0%8, pending tasks: 0
naming_1%8, pending tasks: 0
naming_2%8, pending tasks: 0
naming_3%8, pending tasks: 0
naming_4%8, pending tasks: 0
naming_5%8, pending tasks: 0
naming_6%8, pending tasks: 0
naming_7%8, pending tasks: 0


2024-04-12 13:24:08,359 INFO DISTRO:|0|0|0|

2024-04-12 13:25:08,371 INFO PERFORMANCE:|2|2|2|-1|-1|7|1318

2024-04-12 13:25:08,371 INFO Task worker status: 
naming_0%8, pending tasks: 0
naming_1%8, pending tasks: 0
naming_2%8, pending tasks: 0
naming_3%8, pending tasks: 0
naming_4%8, pending tasks: 0
naming_5%8, pending tasks: 0
naming_6%8, pending tasks: 0
naming_7%8, pending tasks: 0


2024-04-12 13:25:08,371 INFO DISTRO:|0|0|0|

2024-04-12 13:26:08,371 INFO PERFORMANCE:|2|2|2|-1|-1|7|1318

2024-04-12 13:26:08,371 INFO Task worker status: 
naming_0%8, pending tasks: 0
naming_1%8, pending tasks: 0
naming_2%8, pending tasks: 0
naming_3%8, pending tasks: 0
naming_4%8, pending tasks: 0
naming_5%8, pending tasks: 0
naming_6%8, pending tasks: 0
naming_7%8, pending tasks: 0


2024-04-12 13:26:08,371 INFO DISTRO:|0|0|0|

2024-04-12 13:27:08,379 INFO PERFORMANCE:|2|2|2|-1|-1|7|1318

2024-04-12 13:27:08,379 INFO Task worker status: 
naming_0%8, pending tasks: 0
naming_1%8, pending tasks: 0
naming_2%8, pending tasks: 0
naming_3%8, pending tasks: 0
naming_4%8, pending tasks: 0
naming_5%8, pending tasks: 0
naming_6%8, pending tasks: 0
naming_7%8, pending tasks: 0


2024-04-12 13:27:08,379 INFO DISTRO:|0|0|0|

2024-04-12 13:28:08,384 INFO PERFORMANCE:|2|2|2|-1|-1|7|1318

2024-04-12 13:28:08,384 INFO Task worker status: 
naming_0%8, pending tasks: 0
naming_1%8, pending tasks: 0
naming_2%8, pending tasks: 0
naming_3%8, pending tasks: 0
naming_4%8, pending tasks: 0
naming_5%8, pending tasks: 0
naming_6%8, pending tasks: 0
naming_7%8, pending tasks: 0


2024-04-12 13:28:08,384 INFO DISTRO:|0|0|0|

2024-04-12 13:29:08,395 INFO PERFORMANCE:|2|2|2|-1|-1|7|1318

2024-04-12 13:29:08,395 INFO Task worker status: 
naming_0%8, pending tasks: 0
naming_1%8, pending tasks: 0
naming_2%8, pending tasks: 0
naming_3%8, pending tasks: 0
naming_4%8, pending tasks: 0
naming_5%8, pending tasks: 0
naming_6%8, pending tasks: 0
naming_7%8, pending tasks: 0


2024-04-12 13:29:08,395 INFO DISTRO:|0|0|0|

2024-04-12 13:30:08,401 INFO PERFORMANCE:|2|2|2|-1|-1|7|1318

2024-04-12 13:30:08,401 INFO Task worker status: 
naming_0%8, pending tasks: 0
naming_1%8, pending tasks: 0
naming_2%8, pending tasks: 0
naming_3%8, pending tasks: 0
naming_4%8, pending tasks: 0
naming_5%8, pending tasks: 0
naming_6%8, pending tasks: 0
naming_7%8, pending tasks: 0


2024-04-12 13:30:08,401 INFO DISTRO:|0|0|0|

2024-04-12 13:31:08,409 INFO PERFORMANCE:|serviceCount|ipCount|subscribeCount|maxPushCost|avgPushCost|totalPushCount|failPushCount

2024-04-12 13:31:08,409 INFO DISTRO:|V1SyncDone|V1SyncFail|V2SyncDone|V2SyncFail|V2VerifyFail|

2024-04-12 13:31:08,409 INFO PERFORMANCE:|2|1|1|612|576|9|1321

2024-04-12 13:31:08,409 INFO Task worker status: 
naming_0%8, pending tasks: 0
naming_1%8, pending tasks: 0
naming_2%8, pending tasks: 0
naming_3%8, pending tasks: 0
naming_4%8, pending tasks: 0
naming_5%8, pending tasks: 0
naming_6%8, pending tasks: 0
naming_7%8, pending tasks: 0


2024-04-12 13:31:08,409 INFO DISTRO:|0|0|0|

2024-04-12 13:32:08,425 INFO PERFORMANCE:|2|2|2|541|541|10|1321

2024-04-12 13:32:08,425 INFO Task worker status: 
naming_0%8, pending tasks: 0
naming_1%8, pending tasks: 0
naming_2%8, pending tasks: 0
naming_3%8, pending tasks: 0
naming_4%8, pending tasks: 0
naming_5%8, pending tasks: 0
naming_6%8, pending tasks: 0
naming_7%8, pending tasks: 0


2024-04-12 13:32:08,425 INFO DISTRO:|0|0|0|

2024-04-12 13:33:08,432 INFO PERFORMANCE:|2|2|2|-1|-1|10|1321

2024-04-12 13:33:08,432 INFO Task worker status: 
naming_0%8, pending tasks: 0
naming_1%8, pending tasks: 0
naming_2%8, pending tasks: 0
naming_3%8, pending tasks: 0
naming_4%8, pending tasks: 0
naming_5%8, pending tasks: 0
naming_6%8, pending tasks: 0
naming_7%8, pending tasks: 0


2024-04-12 13:33:08,432 INFO DISTRO:|0|0|0|

2024-04-12 13:34:08,435 INFO PERFORMANCE:|2|2|3|557|557|11|1321

2024-04-12 13:34:08,435 INFO Task worker status: 
naming_0%8, pending tasks: 0
naming_1%8, pending tasks: 0
naming_2%8, pending tasks: 0
naming_3%8, pending tasks: 0
naming_4%8, pending tasks: 0
naming_5%8, pending tasks: 0
naming_6%8, pending tasks: 0
naming_7%8, pending tasks: 0


2024-04-12 13:34:08,435 INFO DISTRO:|0|0|0|

2024-04-12 13:35:08,441 INFO PERFORMANCE:|2|2|2|-1|-1|11|1322

2024-04-12 13:35:08,441 INFO Task worker status: 
naming_0%8, pending tasks: 0
naming_1%8, pending tasks: 0
naming_2%8, pending tasks: 0
naming_3%8, pending tasks: 0
naming_4%8, pending tasks: 0
naming_5%8, pending tasks: 0
naming_6%8, pending tasks: 0
naming_7%8, pending tasks: 0


2024-04-12 13:35:08,441 INFO DISTRO:|0|0|0|

2024-04-12 13:36:08,449 INFO PERFORMANCE:|2|2|2|577|577|12|1324

2024-04-12 13:36:08,449 INFO Task worker status: 
naming_0%8, pending tasks: 0
naming_1%8, pending tasks: 0
naming_2%8, pending tasks: 0
naming_3%8, pending tasks: 0
naming_4%8, pending tasks: 0
naming_5%8, pending tasks: 0
naming_6%8, pending tasks: 0
naming_7%8, pending tasks: 0


2024-04-12 13:36:08,449 INFO DISTRO:|0|0|0|

2024-04-12 13:37:08,460 INFO PERFORMANCE:|2|2|3|604|604|13|1324

2024-04-12 13:37:08,460 INFO Task worker status: 
naming_0%8, pending tasks: 0
naming_1%8, pending tasks: 0
naming_2%8, pending tasks: 0
naming_3%8, pending tasks: 0
naming_4%8, pending tasks: 0
naming_5%8, pending tasks: 0
naming_6%8, pending tasks: 0
naming_7%8, pending tasks: 0


2024-04-12 13:37:08,460 INFO DISTRO:|0|0|0|

2024-04-12 13:38:08,471 INFO PERFORMANCE:|2|2|3|-1|-1|13|1325

2024-04-12 13:38:08,471 INFO Task worker status: 
naming_0%8, pending tasks: 0
naming_1%8, pending tasks: 0
naming_2%8, pending tasks: 0
naming_3%8, pending tasks: 0
naming_4%8, pending tasks: 0
naming_5%8, pending tasks: 0
naming_6%8, pending tasks: 0
naming_7%8, pending tasks: 0


2024-04-12 13:38:08,471 INFO DISTRO:|0|0|0|

2024-04-12 13:39:08,486 INFO PERFORMANCE:|2|2|2|2353|1647|16|1327

2024-04-12 13:39:08,486 INFO Task worker status: 
naming_0%8, pending tasks: 0
naming_1%8, pending tasks: 0
naming_2%8, pending tasks: 0
naming_3%8, pending tasks: 0
naming_4%8, pending tasks: 0
naming_5%8, pending tasks: 0
naming_6%8, pending tasks: 0
naming_7%8, pending tasks: 0


2024-04-12 13:39:08,486 INFO DISTRO:|0|0|0|

2024-04-12 13:40:08,491 INFO PERFORMANCE:|2|2|3|586|586|17|1327

2024-04-12 13:40:08,491 INFO Task worker status: 
naming_0%8, pending tasks: 0
naming_1%8, pending tasks: 0
naming_2%8, pending tasks: 0
naming_3%8, pending tasks: 0
naming_4%8, pending tasks: 0
naming_5%8, pending tasks: 0
naming_6%8, pending tasks: 0
naming_7%8, pending tasks: 0


2024-04-12 13:40:08,491 INFO DISTRO:|0|0|0|

2024-04-12 13:41:08,504 INFO PERFORMANCE:|serviceCount|ipCount|subscribeCount|maxPushCost|avgPushCost|totalPushCount|failPushCount

2024-04-12 13:41:08,504 INFO DISTRO:|V1SyncDone|V1SyncFail|V2SyncDone|V2SyncFail|V2VerifyFail|

2024-04-12 13:41:08,504 INFO PERFORMANCE:|2|2|3|535|535|18|1329

2024-04-12 13:41:08,504 INFO Task worker status: 
naming_0%8, pending tasks: 0
naming_1%8, pending tasks: 0
naming_2%8, pending tasks: 0
naming_3%8, pending tasks: 0
naming_4%8, pending tasks: 0
naming_5%8, pending tasks: 0
naming_6%8, pending tasks: 0
naming_7%8, pending tasks: 0


2024-04-12 13:41:08,504 INFO DISTRO:|0|0|0|

2024-04-12 13:42:08,507 INFO PERFORMANCE:|2|2|3|-1|-1|18|1329

2024-04-12 13:42:08,507 INFO Task worker status: 
naming_0%8, pending tasks: 0
naming_1%8, pending tasks: 0
naming_2%8, pending tasks: 0
naming_3%8, pending tasks: 0
naming_4%8, pending tasks: 0
naming_5%8, pending tasks: 0
naming_6%8, pending tasks: 0
naming_7%8, pending tasks: 0


2024-04-12 13:42:08,507 INFO DISTRO:|0|0|0|

2024-04-12 13:43:08,520 INFO PERFORMANCE:|2|2|3|-1|-1|18|1329

2024-04-12 13:43:08,520 INFO Task worker status: 
naming_0%8, pending tasks: 0
naming_1%8, pending tasks: 0
naming_2%8, pending tasks: 0
naming_3%8, pending tasks: 0
naming_4%8, pending tasks: 0
naming_5%8, pending tasks: 0
naming_6%8, pending tasks: 0
naming_7%8, pending tasks: 0


2024-04-12 13:43:08,520 INFO DISTRO:|0|0|0|

2024-04-12 13:44:08,530 INFO PERFORMANCE:|2|2|3|-1|-1|18|1329

2024-04-12 13:44:08,530 INFO Task worker status: 
naming_0%8, pending tasks: 0
naming_1%8, pending tasks: 0
naming_2%8, pending tasks: 0
naming_3%8, pending tasks: 0
naming_4%8, pending tasks: 0
naming_5%8, pending tasks: 0
naming_6%8, pending tasks: 0
naming_7%8, pending tasks: 0


2024-04-12 13:44:08,530 INFO DISTRO:|0|0|0|

2024-04-12 13:45:08,541 INFO PERFORMANCE:|2|2|3|-1|-1|18|1329

2024-04-12 13:45:08,541 INFO Task worker status: 
naming_0%8, pending tasks: 0
naming_1%8, pending tasks: 0
naming_2%8, pending tasks: 0
naming_3%8, pending tasks: 0
naming_4%8, pending tasks: 0
naming_5%8, pending tasks: 0
naming_6%8, pending tasks: 0
naming_7%8, pending tasks: 0


2024-04-12 13:45:08,541 INFO DISTRO:|0|0|0|

2024-04-12 13:46:08,542 INFO PERFORMANCE:|2|2|3|-1|-1|18|1329

2024-04-12 13:46:08,542 INFO Task worker status: 
naming_0%8, pending tasks: 0
naming_1%8, pending tasks: 0
naming_2%8, pending tasks: 0
naming_3%8, pending tasks: 0
naming_4%8, pending tasks: 0
naming_5%8, pending tasks: 0
naming_6%8, pending tasks: 0
naming_7%8, pending tasks: 0


2024-04-12 13:46:08,542 INFO DISTRO:|0|0|0|

2024-04-12 13:47:08,546 INFO PERFORMANCE:|2|2|3|-1|-1|18|1329

2024-04-12 13:47:08,546 INFO Task worker status: 
naming_0%8, pending tasks: 0
naming_1%8, pending tasks: 0
naming_2%8, pending tasks: 0
naming_3%8, pending tasks: 0
naming_4%8, pending tasks: 0
naming_5%8, pending tasks: 0
naming_6%8, pending tasks: 0
naming_7%8, pending tasks: 0


2024-04-12 13:47:08,546 INFO DISTRO:|0|0|0|

2024-04-12 13:48:08,552 INFO PERFORMANCE:|2|2|3|-1|-1|18|1329

2024-04-12 13:48:08,552 INFO Task worker status: 
naming_0%8, pending tasks: 0
naming_1%8, pending tasks: 0
naming_2%8, pending tasks: 0
naming_3%8, pending tasks: 0
naming_4%8, pending tasks: 0
naming_5%8, pending tasks: 0
naming_6%8, pending tasks: 0
naming_7%8, pending tasks: 0


2024-04-12 13:48:08,552 INFO DISTRO:|0|0|0|

2024-04-12 13:49:08,557 INFO PERFORMANCE:|2|2|3|-1|-1|18|1329

2024-04-12 13:49:08,557 INFO Task worker status: 
naming_0%8, pending tasks: 0
naming_1%8, pending tasks: 0
naming_2%8, pending tasks: 0
naming_3%8, pending tasks: 0
naming_4%8, pending tasks: 0
naming_5%8, pending tasks: 0
naming_6%8, pending tasks: 0
naming_7%8, pending tasks: 0


2024-04-12 13:49:08,557 INFO DISTRO:|0|0|0|

2024-04-12 13:50:08,572 INFO PERFORMANCE:|2|2|3|-1|-1|18|1329

2024-04-12 13:50:08,572 INFO Task worker status: 
naming_0%8, pending tasks: 0
naming_1%8, pending tasks: 0
naming_2%8, pending tasks: 0
naming_3%8, pending tasks: 0
naming_4%8, pending tasks: 0
naming_5%8, pending tasks: 0
naming_6%8, pending tasks: 0
naming_7%8, pending tasks: 0


2024-04-12 13:50:08,572 INFO DISTRO:|0|0|0|

2024-04-12 13:51:08,581 INFO PERFORMANCE:|serviceCount|ipCount|subscribeCount|maxPushCost|avgPushCost|totalPushCount|failPushCount

2024-04-12 13:51:08,581 INFO DISTRO:|V1SyncDone|V1SyncFail|V2SyncDone|V2SyncFail|V2VerifyFail|

2024-04-12 13:51:08,581 INFO PERFORMANCE:|2|2|3|-1|-1|18|1329

2024-04-12 13:51:08,581 INFO Task worker status: 
naming_0%8, pending tasks: 0
naming_1%8, pending tasks: 0
naming_2%8, pending tasks: 0
naming_3%8, pending tasks: 0
naming_4%8, pending tasks: 0
naming_5%8, pending tasks: 0
naming_6%8, pending tasks: 0
naming_7%8, pending tasks: 0


2024-04-12 13:51:08,581 INFO DISTRO:|0|0|0|

2024-04-12 13:52:08,584 INFO PERFORMANCE:|2|2|3|-1|-1|18|1329

2024-04-12 13:52:08,584 INFO Task worker status: 
naming_0%8, pending tasks: 0
naming_1%8, pending tasks: 0
naming_2%8, pending tasks: 0
naming_3%8, pending tasks: 0
naming_4%8, pending tasks: 0
naming_5%8, pending tasks: 0
naming_6%8, pending tasks: 0
naming_7%8, pending tasks: 0


2024-04-12 13:52:08,584 INFO DISTRO:|0|0|0|

2024-04-12 13:53:08,591 INFO PERFORMANCE:|2|2|3|-1|-1|18|1329

2024-04-12 13:53:08,591 INFO Task worker status: 
naming_0%8, pending tasks: 0
naming_1%8, pending tasks: 0
naming_2%8, pending tasks: 0
naming_3%8, pending tasks: 0
naming_4%8, pending tasks: 0
naming_5%8, pending tasks: 0
naming_6%8, pending tasks: 0
naming_7%8, pending tasks: 0


2024-04-12 13:53:08,591 INFO DISTRO:|0|0|0|

2024-04-12 13:54:08,592 INFO PERFORMANCE:|2|2|3|-1|-1|18|1329

2024-04-12 13:54:08,592 INFO Task worker status: 
naming_0%8, pending tasks: 0
naming_1%8, pending tasks: 0
naming_2%8, pending tasks: 0
naming_3%8, pending tasks: 0
naming_4%8, pending tasks: 0
naming_5%8, pending tasks: 0
naming_6%8, pending tasks: 0
naming_7%8, pending tasks: 0


2024-04-12 13:54:08,592 INFO DISTRO:|0|0|0|

2024-04-12 13:55:08,595 INFO PERFORMANCE:|2|2|3|-1|-1|18|1329

2024-04-12 13:55:08,595 INFO Task worker status: 
naming_0%8, pending tasks: 0
naming_1%8, pending tasks: 0
naming_2%8, pending tasks: 0
naming_3%8, pending tasks: 0
naming_4%8, pending tasks: 0
naming_5%8, pending tasks: 0
naming_6%8, pending tasks: 0
naming_7%8, pending tasks: 0


2024-04-12 13:55:08,595 INFO DISTRO:|0|0|0|

2024-04-12 13:56:08,599 INFO PERFORMANCE:|2|2|3|-1|-1|18|1329

2024-04-12 13:56:08,599 INFO Task worker status: 
naming_0%8, pending tasks: 0
naming_1%8, pending tasks: 0
naming_2%8, pending tasks: 0
naming_3%8, pending tasks: 0
naming_4%8, pending tasks: 0
naming_5%8, pending tasks: 0
naming_6%8, pending tasks: 0
naming_7%8, pending tasks: 0


2024-04-12 13:56:08,599 INFO DISTRO:|0|0|0|

2024-04-12 13:57:08,600 INFO PERFORMANCE:|2|2|3|-1|-1|18|1329

2024-04-12 13:57:08,600 INFO Task worker status: 
naming_0%8, pending tasks: 0
naming_1%8, pending tasks: 0
naming_2%8, pending tasks: 0
naming_3%8, pending tasks: 0
naming_4%8, pending tasks: 0
naming_5%8, pending tasks: 0
naming_6%8, pending tasks: 0
naming_7%8, pending tasks: 0


2024-04-12 13:57:08,600 INFO DISTRO:|0|0|0|

2024-04-12 13:58:08,607 INFO PERFORMANCE:|2|2|3|-1|-1|18|1329

2024-04-12 13:58:08,607 INFO Task worker status: 
naming_0%8, pending tasks: 0
naming_1%8, pending tasks: 0
naming_2%8, pending tasks: 0
naming_3%8, pending tasks: 0
naming_4%8, pending tasks: 0
naming_5%8, pending tasks: 0
naming_6%8, pending tasks: 0
naming_7%8, pending tasks: 0


2024-04-12 13:58:08,607 INFO DISTRO:|0|0|0|

2024-04-12 13:59:08,610 INFO PERFORMANCE:|2|2|3|-1|-1|18|1329

2024-04-12 13:59:08,610 INFO Task worker status: 
naming_0%8, pending tasks: 0
naming_1%8, pending tasks: 0
naming_2%8, pending tasks: 0
naming_3%8, pending tasks: 0
naming_4%8, pending tasks: 0
naming_5%8, pending tasks: 0
naming_6%8, pending tasks: 0
naming_7%8, pending tasks: 0


2024-04-12 13:59:08,610 INFO DISTRO:|0|0|0|

2024-04-12 14:00:08,613 INFO PERFORMANCE:|2|2|3|-1|-1|18|1329

2024-04-12 14:00:08,613 INFO Task worker status: 
naming_0%8, pending tasks: 0
naming_1%8, pending tasks: 0
naming_2%8, pending tasks: 0
naming_3%8, pending tasks: 0
naming_4%8, pending tasks: 0
naming_5%8, pending tasks: 0
naming_6%8, pending tasks: 0
naming_7%8, pending tasks: 0


2024-04-12 14:00:08,613 INFO DISTRO:|0|0|0|

2024-04-12 14:01:08,622 INFO PERFORMANCE:|serviceCount|ipCount|subscribeCount|maxPushCost|avgPushCost|totalPushCount|failPushCount

2024-04-12 14:01:08,622 INFO DISTRO:|V1SyncDone|V1SyncFail|V2SyncDone|V2SyncFail|V2VerifyFail|

2024-04-12 14:01:08,622 INFO PERFORMANCE:|2|2|3|-1|-1|18|1329

2024-04-12 14:01:08,622 INFO Task worker status: 
naming_0%8, pending tasks: 0
naming_1%8, pending tasks: 0
naming_2%8, pending tasks: 0
naming_3%8, pending tasks: 0
naming_4%8, pending tasks: 0
naming_5%8, pending tasks: 0
naming_6%8, pending tasks: 0
naming_7%8, pending tasks: 0


2024-04-12 14:01:08,622 INFO DISTRO:|0|0|0|

2024-04-12 14:02:08,634 INFO PERFORMANCE:|2|2|3|-1|-1|18|1329

2024-04-12 14:02:08,634 INFO Task worker status: 
naming_0%8, pending tasks: 0
naming_1%8, pending tasks: 0
naming_2%8, pending tasks: 0
naming_3%8, pending tasks: 0
naming_4%8, pending tasks: 0
naming_5%8, pending tasks: 0
naming_6%8, pending tasks: 0
naming_7%8, pending tasks: 0


2024-04-12 14:02:08,634 INFO DISTRO:|0|0|0|

2024-04-12 14:03:08,647 INFO PERFORMANCE:|2|2|3|-1|-1|18|1329

2024-04-12 14:03:08,647 INFO Task worker status: 
naming_0%8, pending tasks: 0
naming_1%8, pending tasks: 0
naming_2%8, pending tasks: 0
naming_3%8, pending tasks: 0
naming_4%8, pending tasks: 0
naming_5%8, pending tasks: 0
naming_6%8, pending tasks: 0
naming_7%8, pending tasks: 0


2024-04-12 14:03:08,647 INFO DISTRO:|0|0|0|

2024-04-12 14:04:08,650 INFO PERFORMANCE:|2|2|3|-1|-1|18|1329

2024-04-12 14:04:08,650 INFO Task worker status: 
naming_0%8, pending tasks: 0
naming_1%8, pending tasks: 0
naming_2%8, pending tasks: 0
naming_3%8, pending tasks: 0
naming_4%8, pending tasks: 0
naming_5%8, pending tasks: 0
naming_6%8, pending tasks: 0
naming_7%8, pending tasks: 0


2024-04-12 14:04:08,650 INFO DISTRO:|0|0|0|

2024-04-12 14:05:08,660 INFO PERFORMANCE:|2|2|3|-1|-1|18|1329

2024-04-12 14:05:08,660 INFO Task worker status: 
naming_0%8, pending tasks: 0
naming_1%8, pending tasks: 0
naming_2%8, pending tasks: 0
naming_3%8, pending tasks: 0
naming_4%8, pending tasks: 0
naming_5%8, pending tasks: 0
naming_6%8, pending tasks: 0
naming_7%8, pending tasks: 0


2024-04-12 14:05:08,660 INFO DISTRO:|0|0|0|

2024-04-12 14:06:08,663 INFO PERFORMANCE:|2|2|3|-1|-1|18|1329

2024-04-12 14:06:08,663 INFO Task worker status: 
naming_0%8, pending tasks: 0
naming_1%8, pending tasks: 0
naming_2%8, pending tasks: 0
naming_3%8, pending tasks: 0
naming_4%8, pending tasks: 0
naming_5%8, pending tasks: 0
naming_6%8, pending tasks: 0
naming_7%8, pending tasks: 0


2024-04-12 14:06:08,663 INFO DISTRO:|0|0|0|

2024-04-12 14:07:08,666 INFO PERFORMANCE:|2|2|3|-1|-1|18|1329

2024-04-12 14:07:08,666 INFO Task worker status: 
naming_0%8, pending tasks: 0
naming_1%8, pending tasks: 0
naming_2%8, pending tasks: 0
naming_3%8, pending tasks: 0
naming_4%8, pending tasks: 0
naming_5%8, pending tasks: 0
naming_6%8, pending tasks: 0
naming_7%8, pending tasks: 0


2024-04-12 14:07:08,666 INFO DISTRO:|0|0|0|

2024-04-12 14:08:08,681 INFO PERFORMANCE:|2|2|3|-1|-1|18|1329

2024-04-12 14:08:08,681 INFO Task worker status: 
naming_0%8, pending tasks: 0
naming_1%8, pending tasks: 0
naming_2%8, pending tasks: 0
naming_3%8, pending tasks: 0
naming_4%8, pending tasks: 0
naming_5%8, pending tasks: 0
naming_6%8, pending tasks: 0
naming_7%8, pending tasks: 0


2024-04-12 14:08:08,681 INFO DISTRO:|0|0|0|

2024-04-12 14:09:08,688 INFO PERFORMANCE:|2|2|3|-1|-1|18|1329

2024-04-12 14:09:08,688 INFO Task worker status: 
naming_0%8, pending tasks: 0
naming_1%8, pending tasks: 0
naming_2%8, pending tasks: 0
naming_3%8, pending tasks: 0
naming_4%8, pending tasks: 0
naming_5%8, pending tasks: 0
naming_6%8, pending tasks: 0
naming_7%8, pending tasks: 0


2024-04-12 14:09:08,688 INFO DISTRO:|0|0|0|

2024-04-12 14:10:08,688 INFO PERFORMANCE:|2|2|3|-1|-1|18|1329

2024-04-12 14:10:08,688 INFO Task worker status: 
naming_0%8, pending tasks: 0
naming_1%8, pending tasks: 0
naming_2%8, pending tasks: 0
naming_3%8, pending tasks: 0
naming_4%8, pending tasks: 0
naming_5%8, pending tasks: 0
naming_6%8, pending tasks: 0
naming_7%8, pending tasks: 0


2024-04-12 14:10:08,688 INFO DISTRO:|0|0|0|

2024-04-12 14:11:08,691 INFO PERFORMANCE:|serviceCount|ipCount|subscribeCount|maxPushCost|avgPushCost|totalPushCount|failPushCount

2024-04-12 14:11:08,691 INFO DISTRO:|V1SyncDone|V1SyncFail|V2SyncDone|V2SyncFail|V2VerifyFail|

2024-04-12 14:11:08,691 INFO PERFORMANCE:|2|2|3|-1|-1|18|1329

2024-04-12 14:11:08,691 INFO Task worker status: 
naming_0%8, pending tasks: 0
naming_1%8, pending tasks: 0
naming_2%8, pending tasks: 0
naming_3%8, pending tasks: 0
naming_4%8, pending tasks: 0
naming_5%8, pending tasks: 0
naming_6%8, pending tasks: 0
naming_7%8, pending tasks: 0


2024-04-12 14:11:08,691 INFO DISTRO:|0|0|0|

2024-04-12 14:12:08,705 INFO PERFORMANCE:|2|2|3|-1|-1|18|1329

2024-04-12 14:12:08,705 INFO Task worker status: 
naming_0%8, pending tasks: 0
naming_1%8, pending tasks: 0
naming_2%8, pending tasks: 0
naming_3%8, pending tasks: 0
naming_4%8, pending tasks: 0
naming_5%8, pending tasks: 0
naming_6%8, pending tasks: 0
naming_7%8, pending tasks: 0


2024-04-12 14:12:08,705 INFO DISTRO:|0|0|0|

2024-04-12 14:13:08,716 INFO PERFORMANCE:|2|2|3|-1|-1|18|1329

2024-04-12 14:13:08,716 INFO Task worker status: 
naming_0%8, pending tasks: 0
naming_1%8, pending tasks: 0
naming_2%8, pending tasks: 0
naming_3%8, pending tasks: 0
naming_4%8, pending tasks: 0
naming_5%8, pending tasks: 0
naming_6%8, pending tasks: 0
naming_7%8, pending tasks: 0


2024-04-12 14:13:08,716 INFO DISTRO:|0|0|0|

2024-04-12 14:14:08,728 INFO PERFORMANCE:|2|2|3|-1|-1|18|1329

2024-04-12 14:14:08,728 INFO Task worker status: 
naming_0%8, pending tasks: 0
naming_1%8, pending tasks: 0
naming_2%8, pending tasks: 0
naming_3%8, pending tasks: 0
naming_4%8, pending tasks: 0
naming_5%8, pending tasks: 0
naming_6%8, pending tasks: 0
naming_7%8, pending tasks: 0


2024-04-12 14:14:08,728 INFO DISTRO:|0|0|0|

2024-04-12 14:15:08,736 INFO PERFORMANCE:|2|2|3|-1|-1|18|1329

2024-04-12 14:15:08,736 INFO Task worker status: 
naming_0%8, pending tasks: 0
naming_1%8, pending tasks: 0
naming_2%8, pending tasks: 0
naming_3%8, pending tasks: 0
naming_4%8, pending tasks: 0
naming_5%8, pending tasks: 0
naming_6%8, pending tasks: 0
naming_7%8, pending tasks: 0


2024-04-12 14:15:08,736 INFO DISTRO:|0|0|0|

2024-04-12 14:16:08,748 INFO PERFORMANCE:|2|2|3|-1|-1|18|1329

2024-04-12 14:16:08,748 INFO Task worker status: 
naming_0%8, pending tasks: 0
naming_1%8, pending tasks: 0
naming_2%8, pending tasks: 0
naming_3%8, pending tasks: 0
naming_4%8, pending tasks: 0
naming_5%8, pending tasks: 0
naming_6%8, pending tasks: 0
naming_7%8, pending tasks: 0


2024-04-12 14:16:08,748 INFO DISTRO:|0|0|0|

2024-04-12 14:17:08,754 INFO PERFORMANCE:|2|2|3|-1|-1|18|1329

2024-04-12 14:17:08,754 INFO Task worker status: 
naming_0%8, pending tasks: 0
naming_1%8, pending tasks: 0
naming_2%8, pending tasks: 0
naming_3%8, pending tasks: 0
naming_4%8, pending tasks: 0
naming_5%8, pending tasks: 0
naming_6%8, pending tasks: 0
naming_7%8, pending tasks: 0


2024-04-12 14:17:08,754 INFO DISTRO:|0|0|0|

2024-04-12 14:18:08,768 INFO PERFORMANCE:|2|2|3|-1|-1|18|1329

2024-04-12 14:18:08,768 INFO Task worker status: 
naming_0%8, pending tasks: 0
naming_1%8, pending tasks: 0
naming_2%8, pending tasks: 0
naming_3%8, pending tasks: 0
naming_4%8, pending tasks: 0
naming_5%8, pending tasks: 0
naming_6%8, pending tasks: 0
naming_7%8, pending tasks: 0


2024-04-12 14:18:08,768 INFO DISTRO:|0|0|0|

2024-04-12 14:19:08,781 INFO PERFORMANCE:|2|2|3|-1|-1|18|1329

2024-04-12 14:19:08,781 INFO Task worker status: 
naming_0%8, pending tasks: 0
naming_1%8, pending tasks: 0
naming_2%8, pending tasks: 0
naming_3%8, pending tasks: 0
naming_4%8, pending tasks: 0
naming_5%8, pending tasks: 0
naming_6%8, pending tasks: 0
naming_7%8, pending tasks: 0


2024-04-12 14:19:08,781 INFO DISTRO:|0|0|0|

2024-04-12 14:20:08,784 INFO PERFORMANCE:|2|2|3|-1|-1|18|1329

2024-04-12 14:20:08,784 INFO Task worker status: 
naming_0%8, pending tasks: 0
naming_1%8, pending tasks: 0
naming_2%8, pending tasks: 0
naming_3%8, pending tasks: 0
naming_4%8, pending tasks: 0
naming_5%8, pending tasks: 0
naming_6%8, pending tasks: 0
naming_7%8, pending tasks: 0


2024-04-12 14:20:08,784 INFO DISTRO:|0|0|0|

2024-04-12 14:21:08,788 INFO PERFORMANCE:|serviceCount|ipCount|subscribeCount|maxPushCost|avgPushCost|totalPushCount|failPushCount

2024-04-12 14:21:08,788 INFO DISTRO:|V1SyncDone|V1SyncFail|V2SyncDone|V2SyncFail|V2VerifyFail|

2024-04-12 14:21:08,788 INFO PERFORMANCE:|2|2|3|-1|-1|18|1329

2024-04-12 14:21:08,788 INFO Task worker status: 
naming_0%8, pending tasks: 0
naming_1%8, pending tasks: 0
naming_2%8, pending tasks: 0
naming_3%8, pending tasks: 0
naming_4%8, pending tasks: 0
naming_5%8, pending tasks: 0
naming_6%8, pending tasks: 0
naming_7%8, pending tasks: 0


2024-04-12 14:21:08,788 INFO DISTRO:|0|0|0|

2024-04-12 14:22:08,791 INFO PERFORMANCE:|2|2|3|-1|-1|18|1329

2024-04-12 14:22:08,791 INFO Task worker status: 
naming_0%8, pending tasks: 0
naming_1%8, pending tasks: 0
naming_2%8, pending tasks: 0
naming_3%8, pending tasks: 0
naming_4%8, pending tasks: 0
naming_5%8, pending tasks: 0
naming_6%8, pending tasks: 0
naming_7%8, pending tasks: 0


2024-04-12 14:22:08,791 INFO DISTRO:|0|0|0|

2024-04-12 14:23:08,797 INFO PERFORMANCE:|2|2|3|-1|-1|18|1329

2024-04-12 14:23:08,797 INFO Task worker status: 
naming_0%8, pending tasks: 0
naming_1%8, pending tasks: 0
naming_2%8, pending tasks: 0
naming_3%8, pending tasks: 0
naming_4%8, pending tasks: 0
naming_5%8, pending tasks: 0
naming_6%8, pending tasks: 0
naming_7%8, pending tasks: 0


2024-04-12 14:23:08,797 INFO DISTRO:|0|0|0|

2024-04-12 14:24:08,811 INFO PERFORMANCE:|2|2|3|-1|-1|18|1329

2024-04-12 14:24:08,811 INFO Task worker status: 
naming_0%8, pending tasks: 0
naming_1%8, pending tasks: 0
naming_2%8, pending tasks: 0
naming_3%8, pending tasks: 0
naming_4%8, pending tasks: 0
naming_5%8, pending tasks: 0
naming_6%8, pending tasks: 0
naming_7%8, pending tasks: 0


2024-04-12 14:24:08,811 INFO DISTRO:|0|0|0|

2024-04-12 14:25:08,817 INFO PERFORMANCE:|2|2|3|-1|-1|18|1329

2024-04-12 14:25:08,817 INFO Task worker status: 
naming_0%8, pending tasks: 0
naming_1%8, pending tasks: 0
naming_2%8, pending tasks: 0
naming_3%8, pending tasks: 0
naming_4%8, pending tasks: 0
naming_5%8, pending tasks: 0
naming_6%8, pending tasks: 0
naming_7%8, pending tasks: 0


2024-04-12 14:25:08,817 INFO DISTRO:|0|0|0|

2024-04-12 14:26:08,824 INFO PERFORMANCE:|2|2|3|-1|-1|18|1329

2024-04-12 14:26:08,824 INFO Task worker status: 
naming_0%8, pending tasks: 0
naming_1%8, pending tasks: 0
naming_2%8, pending tasks: 0
naming_3%8, pending tasks: 0
naming_4%8, pending tasks: 0
naming_5%8, pending tasks: 0
naming_6%8, pending tasks: 0
naming_7%8, pending tasks: 0


2024-04-12 14:26:08,824 INFO DISTRO:|0|0|0|

2024-04-12 14:27:08,825 INFO PERFORMANCE:|2|2|3|-1|-1|18|1329

2024-04-12 14:27:08,825 INFO Task worker status: 
naming_0%8, pending tasks: 0
naming_1%8, pending tasks: 0
naming_2%8, pending tasks: 0
naming_3%8, pending tasks: 0
naming_4%8, pending tasks: 0
naming_5%8, pending tasks: 0
naming_6%8, pending tasks: 0
naming_7%8, pending tasks: 0


2024-04-12 14:27:08,825 INFO DISTRO:|0|0|0|

2024-04-12 14:28:08,832 INFO PERFORMANCE:|2|2|3|-1|-1|18|1329

2024-04-12 14:28:08,832 INFO Task worker status: 
naming_0%8, pending tasks: 0
naming_1%8, pending tasks: 0
naming_2%8, pending tasks: 0
naming_3%8, pending tasks: 0
naming_4%8, pending tasks: 0
naming_5%8, pending tasks: 0
naming_6%8, pending tasks: 0
naming_7%8, pending tasks: 0


2024-04-12 14:28:08,832 INFO DISTRO:|0|0|0|

2024-04-12 14:29:08,846 INFO PERFORMANCE:|2|2|3|-1|-1|18|1329

2024-04-12 14:29:08,846 INFO Task worker status: 
naming_0%8, pending tasks: 0
naming_1%8, pending tasks: 0
naming_2%8, pending tasks: 0
naming_3%8, pending tasks: 0
naming_4%8, pending tasks: 0
naming_5%8, pending tasks: 0
naming_6%8, pending tasks: 0
naming_7%8, pending tasks: 0


2024-04-12 14:29:08,846 INFO DISTRO:|0|0|0|

2024-04-12 14:30:08,849 INFO PERFORMANCE:|2|2|3|-1|-1|18|1329

2024-04-12 14:30:08,849 INFO Task worker status: 
naming_0%8, pending tasks: 0
naming_1%8, pending tasks: 0
naming_2%8, pending tasks: 0
naming_3%8, pending tasks: 0
naming_4%8, pending tasks: 0
naming_5%8, pending tasks: 0
naming_6%8, pending tasks: 0
naming_7%8, pending tasks: 0


2024-04-12 14:30:08,849 INFO DISTRO:|0|0|0|

2024-04-12 14:31:08,857 INFO PERFORMANCE:|serviceCount|ipCount|subscribeCount|maxPushCost|avgPushCost|totalPushCount|failPushCount

2024-04-12 14:31:08,857 INFO DISTRO:|V1SyncDone|V1SyncFail|V2SyncDone|V2SyncFail|V2VerifyFail|

2024-04-12 14:31:08,857 INFO PERFORMANCE:|2|2|3|-1|-1|18|1329

2024-04-12 14:31:08,857 INFO Task worker status: 
naming_0%8, pending tasks: 0
naming_1%8, pending tasks: 0
naming_2%8, pending tasks: 0
naming_3%8, pending tasks: 0
naming_4%8, pending tasks: 0
naming_5%8, pending tasks: 0
naming_6%8, pending tasks: 0
naming_7%8, pending tasks: 0


2024-04-12 14:31:08,857 INFO DISTRO:|0|0|0|

2024-04-12 14:32:08,862 INFO PERFORMANCE:|2|2|3|-1|-1|18|1329

2024-04-12 14:32:08,862 INFO Task worker status: 
naming_0%8, pending tasks: 0
naming_1%8, pending tasks: 0
naming_2%8, pending tasks: 0
naming_3%8, pending tasks: 0
naming_4%8, pending tasks: 0
naming_5%8, pending tasks: 0
naming_6%8, pending tasks: 0
naming_7%8, pending tasks: 0


2024-04-12 14:32:08,862 INFO DISTRO:|0|0|0|

2024-04-12 14:33:08,864 INFO PERFORMANCE:|2|2|3|-1|-1|18|1329

2024-04-12 14:33:08,864 INFO Task worker status: 
naming_0%8, pending tasks: 0
naming_1%8, pending tasks: 0
naming_2%8, pending tasks: 0
naming_3%8, pending tasks: 0
naming_4%8, pending tasks: 0
naming_5%8, pending tasks: 0
naming_6%8, pending tasks: 0
naming_7%8, pending tasks: 0


2024-04-12 14:33:08,864 INFO DISTRO:|0|0|0|

2024-04-12 14:34:08,869 INFO PERFORMANCE:|2|2|3|-1|-1|18|1329

2024-04-12 14:34:08,869 INFO Task worker status: 
naming_0%8, pending tasks: 0
naming_1%8, pending tasks: 0
naming_2%8, pending tasks: 0
naming_3%8, pending tasks: 0
naming_4%8, pending tasks: 0
naming_5%8, pending tasks: 0
naming_6%8, pending tasks: 0
naming_7%8, pending tasks: 0


2024-04-12 14:34:08,869 INFO DISTRO:|0|0|0|

2024-04-12 14:35:08,883 INFO PERFORMANCE:|2|2|3|-1|-1|18|1329

2024-04-12 14:35:08,883 INFO Task worker status: 
naming_0%8, pending tasks: 0
naming_1%8, pending tasks: 0
naming_2%8, pending tasks: 0
naming_3%8, pending tasks: 0
naming_4%8, pending tasks: 0
naming_5%8, pending tasks: 0
naming_6%8, pending tasks: 0
naming_7%8, pending tasks: 0


2024-04-12 14:35:08,883 INFO DISTRO:|0|0|0|

2024-04-12 14:36:08,885 INFO PERFORMANCE:|2|2|3|-1|-1|18|1329

2024-04-12 14:36:08,885 INFO Task worker status: 
naming_0%8, pending tasks: 0
naming_1%8, pending tasks: 0
naming_2%8, pending tasks: 0
naming_3%8, pending tasks: 0
naming_4%8, pending tasks: 0
naming_5%8, pending tasks: 0
naming_6%8, pending tasks: 0
naming_7%8, pending tasks: 0


2024-04-12 14:36:08,885 INFO DISTRO:|0|0|0|

2024-04-12 14:37:08,891 INFO PERFORMANCE:|2|2|3|-1|-1|18|1329

2024-04-12 14:37:08,891 INFO Task worker status: 
naming_0%8, pending tasks: 0
naming_1%8, pending tasks: 0
naming_2%8, pending tasks: 0
naming_3%8, pending tasks: 0
naming_4%8, pending tasks: 0
naming_5%8, pending tasks: 0
naming_6%8, pending tasks: 0
naming_7%8, pending tasks: 0


2024-04-12 14:37:08,891 INFO DISTRO:|0|0|0|

2024-04-12 14:38:08,900 INFO PERFORMANCE:|2|2|3|-1|-1|18|1329

2024-04-12 14:38:08,900 INFO Task worker status: 
naming_0%8, pending tasks: 0
naming_1%8, pending tasks: 0
naming_2%8, pending tasks: 0
naming_3%8, pending tasks: 0
naming_4%8, pending tasks: 0
naming_5%8, pending tasks: 0
naming_6%8, pending tasks: 0
naming_7%8, pending tasks: 0


2024-04-12 14:38:08,900 INFO DISTRO:|0|0|0|

2024-04-12 14:39:08,915 INFO PERFORMANCE:|2|2|3|-1|-1|18|1329

2024-04-12 14:39:08,915 INFO Task worker status: 
naming_0%8, pending tasks: 0
naming_1%8, pending tasks: 0
naming_2%8, pending tasks: 0
naming_3%8, pending tasks: 0
naming_4%8, pending tasks: 0
naming_5%8, pending tasks: 0
naming_6%8, pending tasks: 0
naming_7%8, pending tasks: 0


2024-04-12 14:39:08,915 INFO DISTRO:|0|0|0|

2024-04-12 14:40:08,924 INFO PERFORMANCE:|2|2|3|-1|-1|18|1329

2024-04-12 14:40:08,924 INFO Task worker status: 
naming_0%8, pending tasks: 0
naming_1%8, pending tasks: 0
naming_2%8, pending tasks: 0
naming_3%8, pending tasks: 0
naming_4%8, pending tasks: 0
naming_5%8, pending tasks: 0
naming_6%8, pending tasks: 0
naming_7%8, pending tasks: 0


2024-04-12 14:40:08,924 INFO DISTRO:|0|0|0|

2024-04-12 14:41:08,930 INFO PERFORMANCE:|serviceCount|ipCount|subscribeCount|maxPushCost|avgPushCost|totalPushCount|failPushCount

2024-04-12 14:41:08,930 INFO DISTRO:|V1SyncDone|V1SyncFail|V2SyncDone|V2SyncFail|V2VerifyFail|

2024-04-12 14:41:08,930 INFO PERFORMANCE:|2|2|3|-1|-1|18|1329

2024-04-12 14:41:08,930 INFO Task worker status: 
naming_0%8, pending tasks: 0
naming_1%8, pending tasks: 0
naming_2%8, pending tasks: 0
naming_3%8, pending tasks: 0
naming_4%8, pending tasks: 0
naming_5%8, pending tasks: 0
naming_6%8, pending tasks: 0
naming_7%8, pending tasks: 0


2024-04-12 14:41:08,930 INFO DISTRO:|0|0|0|

2024-04-12 14:42:08,945 INFO PERFORMANCE:|2|2|3|-1|-1|18|1329

2024-04-12 14:42:08,945 INFO Task worker status: 
naming_0%8, pending tasks: 0
naming_1%8, pending tasks: 0
naming_2%8, pending tasks: 0
naming_3%8, pending tasks: 0
naming_4%8, pending tasks: 0
naming_5%8, pending tasks: 0
naming_6%8, pending tasks: 0
naming_7%8, pending tasks: 0


2024-04-12 14:42:08,945 INFO DISTRO:|0|0|0|

2024-04-12 14:43:08,952 INFO PERFORMANCE:|2|2|3|-1|-1|18|1329

2024-04-12 14:43:08,952 INFO Task worker status: 
naming_0%8, pending tasks: 0
naming_1%8, pending tasks: 0
naming_2%8, pending tasks: 0
naming_3%8, pending tasks: 0
naming_4%8, pending tasks: 0
naming_5%8, pending tasks: 0
naming_6%8, pending tasks: 0
naming_7%8, pending tasks: 0


2024-04-12 14:43:08,952 INFO DISTRO:|0|0|0|

2024-04-12 14:44:08,965 INFO PERFORMANCE:|2|2|3|-1|-1|18|1329

2024-04-12 14:44:08,965 INFO Task worker status: 
naming_0%8, pending tasks: 0
naming_1%8, pending tasks: 0
naming_2%8, pending tasks: 0
naming_3%8, pending tasks: 0
naming_4%8, pending tasks: 0
naming_5%8, pending tasks: 0
naming_6%8, pending tasks: 0
naming_7%8, pending tasks: 0


2024-04-12 14:44:08,965 INFO DISTRO:|0|0|0|

2024-04-12 14:45:08,966 INFO PERFORMANCE:|2|2|3|-1|-1|18|1329

2024-04-12 14:45:08,966 INFO Task worker status: 
naming_0%8, pending tasks: 0
naming_1%8, pending tasks: 0
naming_2%8, pending tasks: 0
naming_3%8, pending tasks: 0
naming_4%8, pending tasks: 0
naming_5%8, pending tasks: 0
naming_6%8, pending tasks: 0
naming_7%8, pending tasks: 0


2024-04-12 14:45:08,966 INFO DISTRO:|0|0|0|

2024-04-12 14:46:08,975 INFO PERFORMANCE:|2|2|3|-1|-1|18|1329

2024-04-12 14:46:08,975 INFO Task worker status: 
naming_0%8, pending tasks: 0
naming_1%8, pending tasks: 0
naming_2%8, pending tasks: 0
naming_3%8, pending tasks: 0
naming_4%8, pending tasks: 0
naming_5%8, pending tasks: 0
naming_6%8, pending tasks: 0
naming_7%8, pending tasks: 0


2024-04-12 14:46:08,975 INFO DISTRO:|0|0|0|

2024-04-12 14:47:08,980 INFO PERFORMANCE:|2|2|3|-1|-1|18|1329

2024-04-12 14:47:08,980 INFO Task worker status: 
naming_0%8, pending tasks: 0
naming_1%8, pending tasks: 0
naming_2%8, pending tasks: 0
naming_3%8, pending tasks: 0
naming_4%8, pending tasks: 0
naming_5%8, pending tasks: 0
naming_6%8, pending tasks: 0
naming_7%8, pending tasks: 0


2024-04-12 14:47:08,980 INFO DISTRO:|0|0|0|

2024-04-12 14:48:08,980 INFO PERFORMANCE:|2|2|3|-1|-1|18|1329

2024-04-12 14:48:08,980 INFO Task worker status: 
naming_0%8, pending tasks: 0
naming_1%8, pending tasks: 0
naming_2%8, pending tasks: 0
naming_3%8, pending tasks: 0
naming_4%8, pending tasks: 0
naming_5%8, pending tasks: 0
naming_6%8, pending tasks: 0
naming_7%8, pending tasks: 0


2024-04-12 14:48:08,980 INFO DISTRO:|0|0|0|

2024-04-12 14:49:08,984 INFO PERFORMANCE:|2|2|3|-1|-1|18|1329

2024-04-12 14:49:08,984 INFO Task worker status: 
naming_0%8, pending tasks: 0
naming_1%8, pending tasks: 0
naming_2%8, pending tasks: 0
naming_3%8, pending tasks: 0
naming_4%8, pending tasks: 0
naming_5%8, pending tasks: 0
naming_6%8, pending tasks: 0
naming_7%8, pending tasks: 0


2024-04-12 14:49:08,984 INFO DISTRO:|0|0|0|

2024-04-12 14:50:08,985 INFO PERFORMANCE:|2|2|3|-1|-1|18|1329

2024-04-12 14:50:08,985 INFO Task worker status: 
naming_0%8, pending tasks: 0
naming_1%8, pending tasks: 0
naming_2%8, pending tasks: 0
naming_3%8, pending tasks: 0
naming_4%8, pending tasks: 0
naming_5%8, pending tasks: 0
naming_6%8, pending tasks: 0
naming_7%8, pending tasks: 0


2024-04-12 14:50:08,985 INFO DISTRO:|0|0|0|

2024-04-12 14:51:08,996 INFO PERFORMANCE:|serviceCount|ipCount|subscribeCount|maxPushCost|avgPushCost|totalPushCount|failPushCount

2024-04-12 14:51:08,996 INFO DISTRO:|V1SyncDone|V1SyncFail|V2SyncDone|V2SyncFail|V2VerifyFail|

2024-04-12 14:51:08,996 INFO PERFORMANCE:|2|2|3|-1|-1|18|1329

2024-04-12 14:51:08,996 INFO Task worker status: 
naming_0%8, pending tasks: 0
naming_1%8, pending tasks: 0
naming_2%8, pending tasks: 0
naming_3%8, pending tasks: 0
naming_4%8, pending tasks: 0
naming_5%8, pending tasks: 0
naming_6%8, pending tasks: 0
naming_7%8, pending tasks: 0


2024-04-12 14:51:08,996 INFO DISTRO:|0|0|0|

2024-04-12 14:52:09,000 INFO PERFORMANCE:|2|2|3|-1|-1|18|1329

2024-04-12 14:52:09,000 INFO Task worker status: 
naming_0%8, pending tasks: 0
naming_1%8, pending tasks: 0
naming_2%8, pending tasks: 0
naming_3%8, pending tasks: 0
naming_4%8, pending tasks: 0
naming_5%8, pending tasks: 0
naming_6%8, pending tasks: 0
naming_7%8, pending tasks: 0


2024-04-12 14:52:09,000 INFO DISTRO:|0|0|0|

2024-04-12 14:53:09,013 INFO PERFORMANCE:|2|2|3|-1|-1|18|1329

2024-04-12 14:53:09,013 INFO Task worker status: 
naming_0%8, pending tasks: 0
naming_1%8, pending tasks: 0
naming_2%8, pending tasks: 0
naming_3%8, pending tasks: 0
naming_4%8, pending tasks: 0
naming_5%8, pending tasks: 0
naming_6%8, pending tasks: 0
naming_7%8, pending tasks: 0


2024-04-12 14:53:09,013 INFO DISTRO:|0|0|0|

2024-04-12 14:54:09,021 INFO PERFORMANCE:|2|2|3|-1|-1|18|1329

2024-04-12 14:54:09,021 INFO Task worker status: 
naming_0%8, pending tasks: 0
naming_1%8, pending tasks: 0
naming_2%8, pending tasks: 0
naming_3%8, pending tasks: 0
naming_4%8, pending tasks: 0
naming_5%8, pending tasks: 0
naming_6%8, pending tasks: 0
naming_7%8, pending tasks: 0


2024-04-12 14:54:09,021 INFO DISTRO:|0|0|0|

2024-04-12 14:55:09,025 INFO PERFORMANCE:|2|2|3|-1|-1|18|1329

2024-04-12 14:55:09,025 INFO Task worker status: 
naming_0%8, pending tasks: 0
naming_1%8, pending tasks: 0
naming_2%8, pending tasks: 0
naming_3%8, pending tasks: 0
naming_4%8, pending tasks: 0
naming_5%8, pending tasks: 0
naming_6%8, pending tasks: 0
naming_7%8, pending tasks: 0


2024-04-12 14:55:09,025 INFO DISTRO:|0|0|0|

2024-04-12 14:56:09,039 INFO PERFORMANCE:|2|2|3|-1|-1|18|1329

2024-04-12 14:56:09,039 INFO Task worker status: 
naming_0%8, pending tasks: 0
naming_1%8, pending tasks: 0
naming_2%8, pending tasks: 0
naming_3%8, pending tasks: 0
naming_4%8, pending tasks: 0
naming_5%8, pending tasks: 0
naming_6%8, pending tasks: 0
naming_7%8, pending tasks: 0


2024-04-12 14:56:09,039 INFO DISTRO:|0|0|0|

2024-04-12 14:57:09,040 INFO PERFORMANCE:|2|2|3|-1|-1|18|1329

2024-04-12 14:57:09,040 INFO Task worker status: 
naming_0%8, pending tasks: 0
naming_1%8, pending tasks: 0
naming_2%8, pending tasks: 0
naming_3%8, pending tasks: 0
naming_4%8, pending tasks: 0
naming_5%8, pending tasks: 0
naming_6%8, pending tasks: 0
naming_7%8, pending tasks: 0


2024-04-12 14:57:09,040 INFO DISTRO:|0|0|0|

2024-04-12 14:58:09,045 INFO PERFORMANCE:|2|2|3|-1|-1|18|1329

2024-04-12 14:58:09,045 INFO Task worker status: 
naming_0%8, pending tasks: 0
naming_1%8, pending tasks: 0
naming_2%8, pending tasks: 0
naming_3%8, pending tasks: 0
naming_4%8, pending tasks: 0
naming_5%8, pending tasks: 0
naming_6%8, pending tasks: 0
naming_7%8, pending tasks: 0


2024-04-12 14:58:09,045 INFO DISTRO:|0|0|0|

2024-04-12 14:59:09,045 INFO PERFORMANCE:|2|2|3|-1|-1|18|1329

2024-04-12 14:59:09,045 INFO Task worker status: 
naming_0%8, pending tasks: 0
naming_1%8, pending tasks: 0
naming_2%8, pending tasks: 0
naming_3%8, pending tasks: 0
naming_4%8, pending tasks: 0
naming_5%8, pending tasks: 0
naming_6%8, pending tasks: 0
naming_7%8, pending tasks: 0


2024-04-12 14:59:09,045 INFO DISTRO:|0|0|0|

2024-04-12 15:00:09,053 INFO PERFORMANCE:|2|2|3|538|538|19|1329

2024-04-12 15:00:09,053 INFO Task worker status: 
naming_0%8, pending tasks: 0
naming_1%8, pending tasks: 0
naming_2%8, pending tasks: 0
naming_3%8, pending tasks: 0
naming_4%8, pending tasks: 0
naming_5%8, pending tasks: 0
naming_6%8, pending tasks: 0
naming_7%8, pending tasks: 0


2024-04-12 15:00:09,053 INFO DISTRO:|0|0|0|

2024-04-12 15:01:09,057 INFO PERFORMANCE:|serviceCount|ipCount|subscribeCount|maxPushCost|avgPushCost|totalPushCount|failPushCount

2024-04-12 15:01:09,057 INFO DISTRO:|V1SyncDone|V1SyncFail|V2SyncDone|V2SyncFail|V2VerifyFail|

2024-04-12 15:01:09,057 INFO PERFORMANCE:|2|0|0|-1|-1|19|1334

2024-04-12 15:01:09,057 INFO Task worker status: 
naming_0%8, pending tasks: 0
naming_1%8, pending tasks: 0
naming_2%8, pending tasks: 0
naming_3%8, pending tasks: 0
naming_4%8, pending tasks: 0
naming_5%8, pending tasks: 0
naming_6%8, pending tasks: 0
naming_7%8, pending tasks: 0


2024-04-12 15:01:09,057 INFO DISTRO:|0|0|0|

2024-04-12 15:02:09,066 INFO PERFORMANCE:|1|0|0|-1|-1|19|1334

2024-04-12 15:02:09,066 INFO Task worker status: 
naming_0%8, pending tasks: 0
naming_1%8, pending tasks: 0
naming_2%8, pending tasks: 0
naming_3%8, pending tasks: 0
naming_4%8, pending tasks: 0
naming_5%8, pending tasks: 0
naming_6%8, pending tasks: 0
naming_7%8, pending tasks: 0


2024-04-12 15:02:09,066 INFO DISTRO:|0|0|0|

2024-04-12 15:03:09,078 INFO PERFORMANCE:|0|0|0|-1|-1|19|1334

2024-04-12 15:03:09,078 INFO Task worker status: 
naming_0%8, pending tasks: 0
naming_1%8, pending tasks: 0
naming_2%8, pending tasks: 0
naming_3%8, pending tasks: 0
naming_4%8, pending tasks: 0
naming_5%8, pending tasks: 0
naming_6%8, pending tasks: 0
naming_7%8, pending tasks: 0


2024-04-12 15:03:09,078 INFO DISTRO:|0|0|0|

2024-04-12 15:04:09,087 INFO PERFORMANCE:|0|0|0|-1|-1|19|1334

2024-04-12 15:04:09,087 INFO Task worker status: 
naming_0%8, pending tasks: 0
naming_1%8, pending tasks: 0
naming_2%8, pending tasks: 0
naming_3%8, pending tasks: 0
naming_4%8, pending tasks: 0
naming_5%8, pending tasks: 0
naming_6%8, pending tasks: 0
naming_7%8, pending tasks: 0


2024-04-12 15:04:09,087 INFO DISTRO:|0|0|0|

2024-04-12 15:05:09,099 INFO PERFORMANCE:|0|0|0|-1|-1|19|1334

2024-04-12 15:05:09,099 INFO Task worker status: 
naming_0%8, pending tasks: 0
naming_1%8, pending tasks: 0
naming_2%8, pending tasks: 0
naming_3%8, pending tasks: 0
naming_4%8, pending tasks: 0
naming_5%8, pending tasks: 0
naming_6%8, pending tasks: 0
naming_7%8, pending tasks: 0


2024-04-12 15:05:09,099 INFO DISTRO:|0|0|0|

2024-04-12 15:06:09,107 INFO PERFORMANCE:|0|0|0|-1|-1|19|1334

2024-04-12 15:06:09,107 INFO Task worker status: 
naming_0%8, pending tasks: 0
naming_1%8, pending tasks: 0
naming_2%8, pending tasks: 0
naming_3%8, pending tasks: 0
naming_4%8, pending tasks: 0
naming_5%8, pending tasks: 0
naming_6%8, pending tasks: 0
naming_7%8, pending tasks: 0


2024-04-12 15:06:09,107 INFO DISTRO:|0|0|0|

2024-04-12 15:07:09,121 INFO PERFORMANCE:|0|0|0|-1|-1|19|1334

2024-04-12 15:07:09,121 INFO Task worker status: 
naming_0%8, pending tasks: 0
naming_1%8, pending tasks: 0
naming_2%8, pending tasks: 0
naming_3%8, pending tasks: 0
naming_4%8, pending tasks: 0
naming_5%8, pending tasks: 0
naming_6%8, pending tasks: 0
naming_7%8, pending tasks: 0


2024-04-12 15:07:09,121 INFO DISTRO:|0|0|0|

2024-04-12 15:08:09,125 INFO PERFORMANCE:|0|0|0|-1|-1|19|1334

2024-04-12 15:08:09,125 INFO Task worker status: 
naming_0%8, pending tasks: 0
naming_1%8, pending tasks: 0
naming_2%8, pending tasks: 0
naming_3%8, pending tasks: 0
naming_4%8, pending tasks: 0
naming_5%8, pending tasks: 0
naming_6%8, pending tasks: 0
naming_7%8, pending tasks: 0


2024-04-12 15:08:09,125 INFO DISTRO:|0|0|0|

2024-04-12 15:09:09,128 INFO PERFORMANCE:|0|0|0|-1|-1|19|1334

2024-04-12 15:09:09,128 INFO Task worker status: 
naming_0%8, pending tasks: 0
naming_1%8, pending tasks: 0
naming_2%8, pending tasks: 0
naming_3%8, pending tasks: 0
naming_4%8, pending tasks: 0
naming_5%8, pending tasks: 0
naming_6%8, pending tasks: 0
naming_7%8, pending tasks: 0


2024-04-12 15:09:09,128 INFO DISTRO:|0|0|0|

2024-04-12 15:10:09,131 INFO PERFORMANCE:|0|0|0|-1|-1|19|1334

2024-04-12 15:10:09,131 INFO Task worker status: 
naming_0%8, pending tasks: 0
naming_1%8, pending tasks: 0
naming_2%8, pending tasks: 0
naming_3%8, pending tasks: 0
naming_4%8, pending tasks: 0
naming_5%8, pending tasks: 0
naming_6%8, pending tasks: 0
naming_7%8, pending tasks: 0


2024-04-12 15:10:09,131 INFO DISTRO:|0|0|0|

2024-04-12 15:11:09,138 INFO PERFORMANCE:|serviceCount|ipCount|subscribeCount|maxPushCost|avgPushCost|totalPushCount|failPushCount

2024-04-12 15:11:09,138 INFO DISTRO:|V1SyncDone|V1SyncFail|V2SyncDone|V2SyncFail|V2VerifyFail|

2024-04-12 15:11:09,138 INFO PERFORMANCE:|0|0|0|-1|-1|19|1334

2024-04-12 15:11:09,138 INFO Task worker status: 
naming_0%8, pending tasks: 0
naming_1%8, pending tasks: 0
naming_2%8, pending tasks: 0
naming_3%8, pending tasks: 0
naming_4%8, pending tasks: 0
naming_5%8, pending tasks: 0
naming_6%8, pending tasks: 0
naming_7%8, pending tasks: 0


2024-04-12 15:11:09,138 INFO DISTRO:|0|0|0|

2024-04-12 15:12:09,149 INFO PERFORMANCE:|0|0|0|-1|-1|19|1334

2024-04-12 15:12:09,149 INFO Task worker status: 
naming_0%8, pending tasks: 0
naming_1%8, pending tasks: 0
naming_2%8, pending tasks: 0
naming_3%8, pending tasks: 0
naming_4%8, pending tasks: 0
naming_5%8, pending tasks: 0
naming_6%8, pending tasks: 0
naming_7%8, pending tasks: 0


2024-04-12 15:12:09,149 INFO DISTRO:|0|0|0|

2024-04-12 15:13:09,153 INFO PERFORMANCE:|0|0|0|-1|-1|19|1334

2024-04-12 15:13:09,153 INFO Task worker status: 
naming_0%8, pending tasks: 0
naming_1%8, pending tasks: 0
naming_2%8, pending tasks: 0
naming_3%8, pending tasks: 0
naming_4%8, pending tasks: 0
naming_5%8, pending tasks: 0
naming_6%8, pending tasks: 0
naming_7%8, pending tasks: 0


2024-04-12 15:13:09,153 INFO DISTRO:|0|0|0|

2024-04-12 15:14:09,156 INFO PERFORMANCE:|0|0|0|-1|-1|19|1334

2024-04-12 15:14:09,156 INFO Task worker status: 
naming_0%8, pending tasks: 0
naming_1%8, pending tasks: 0
naming_2%8, pending tasks: 0
naming_3%8, pending tasks: 0
naming_4%8, pending tasks: 0
naming_5%8, pending tasks: 0
naming_6%8, pending tasks: 0
naming_7%8, pending tasks: 0


2024-04-12 15:14:09,156 INFO DISTRO:|0|0|0|

2024-04-12 15:15:09,168 INFO PERFORMANCE:|0|0|0|-1|-1|19|1334

2024-04-12 15:15:09,168 INFO Task worker status: 
naming_0%8, pending tasks: 0
naming_1%8, pending tasks: 0
naming_2%8, pending tasks: 0
naming_3%8, pending tasks: 0
naming_4%8, pending tasks: 0
naming_5%8, pending tasks: 0
naming_6%8, pending tasks: 0
naming_7%8, pending tasks: 0


2024-04-12 15:15:09,168 INFO DISTRO:|0|0|0|

2024-04-12 15:16:09,180 INFO PERFORMANCE:|0|0|0|-1|-1|19|1334

2024-04-12 15:16:09,180 INFO Task worker status: 
naming_0%8, pending tasks: 0
naming_1%8, pending tasks: 0
naming_2%8, pending tasks: 0
naming_3%8, pending tasks: 0
naming_4%8, pending tasks: 0
naming_5%8, pending tasks: 0
naming_6%8, pending tasks: 0
naming_7%8, pending tasks: 0


2024-04-12 15:16:09,180 INFO DISTRO:|0|0|0|

2024-04-12 15:17:09,189 INFO PERFORMANCE:|0|0|0|-1|-1|19|1334

2024-04-12 15:17:09,189 INFO Task worker status: 
naming_0%8, pending tasks: 0
naming_1%8, pending tasks: 0
naming_2%8, pending tasks: 0
naming_3%8, pending tasks: 0
naming_4%8, pending tasks: 0
naming_5%8, pending tasks: 0
naming_6%8, pending tasks: 0
naming_7%8, pending tasks: 0


2024-04-12 15:17:09,189 INFO DISTRO:|0|0|0|

2024-04-12 15:18:09,197 INFO PERFORMANCE:|0|0|0|-1|-1|19|1334

2024-04-12 15:18:09,197 INFO Task worker status: 
naming_0%8, pending tasks: 0
naming_1%8, pending tasks: 0
naming_2%8, pending tasks: 0
naming_3%8, pending tasks: 0
naming_4%8, pending tasks: 0
naming_5%8, pending tasks: 0
naming_6%8, pending tasks: 0
naming_7%8, pending tasks: 0


2024-04-12 15:18:09,197 INFO DISTRO:|0|0|0|

2024-04-12 15:19:09,201 INFO PERFORMANCE:|0|0|0|-1|-1|19|1334

2024-04-12 15:19:09,201 INFO Task worker status: 
naming_0%8, pending tasks: 0
naming_1%8, pending tasks: 0
naming_2%8, pending tasks: 0
naming_3%8, pending tasks: 0
naming_4%8, pending tasks: 0
naming_5%8, pending tasks: 0
naming_6%8, pending tasks: 0
naming_7%8, pending tasks: 0


2024-04-12 15:19:09,201 INFO DISTRO:|0|0|0|

2024-04-12 15:20:09,205 INFO PERFORMANCE:|0|0|0|-1|-1|19|1334

2024-04-12 15:20:09,205 INFO Task worker status: 
naming_0%8, pending tasks: 0
naming_1%8, pending tasks: 0
naming_2%8, pending tasks: 0
naming_3%8, pending tasks: 0
naming_4%8, pending tasks: 0
naming_5%8, pending tasks: 0
naming_6%8, pending tasks: 0
naming_7%8, pending tasks: 0


2024-04-12 15:20:09,205 INFO DISTRO:|0|0|0|

2024-04-12 15:21:09,208 INFO PERFORMANCE:|serviceCount|ipCount|subscribeCount|maxPushCost|avgPushCost|totalPushCount|failPushCount

2024-04-12 15:21:09,208 INFO DISTRO:|V1SyncDone|V1SyncFail|V2SyncDone|V2SyncFail|V2VerifyFail|

2024-04-12 15:21:09,208 INFO PERFORMANCE:|0|0|0|-1|-1|19|1334

2024-04-12 15:21:09,208 INFO Task worker status: 
naming_0%8, pending tasks: 0
naming_1%8, pending tasks: 0
naming_2%8, pending tasks: 0
naming_3%8, pending tasks: 0
naming_4%8, pending tasks: 0
naming_5%8, pending tasks: 0
naming_6%8, pending tasks: 0
naming_7%8, pending tasks: 0


2024-04-12 15:21:09,208 INFO DISTRO:|0|0|0|

2024-04-12 15:22:09,217 INFO PERFORMANCE:|0|0|0|-1|-1|19|1334

2024-04-12 15:22:09,217 INFO Task worker status: 
naming_0%8, pending tasks: 0
naming_1%8, pending tasks: 0
naming_2%8, pending tasks: 0
naming_3%8, pending tasks: 0
naming_4%8, pending tasks: 0
naming_5%8, pending tasks: 0
naming_6%8, pending tasks: 0
naming_7%8, pending tasks: 0


2024-04-12 15:22:09,217 INFO DISTRO:|0|0|0|

2024-04-12 15:23:09,223 INFO PERFORMANCE:|0|0|0|-1|-1|19|1334

2024-04-12 15:23:09,223 INFO Task worker status: 
naming_0%8, pending tasks: 0
naming_1%8, pending tasks: 0
naming_2%8, pending tasks: 0
naming_3%8, pending tasks: 0
naming_4%8, pending tasks: 0
naming_5%8, pending tasks: 0
naming_6%8, pending tasks: 0
naming_7%8, pending tasks: 0


2024-04-12 15:23:09,223 INFO DISTRO:|0|0|0|

2024-04-12 15:24:09,236 INFO PERFORMANCE:|0|0|0|-1|-1|19|1334

2024-04-12 15:24:09,236 INFO Task worker status: 
naming_0%8, pending tasks: 0
naming_1%8, pending tasks: 0
naming_2%8, pending tasks: 0
naming_3%8, pending tasks: 0
naming_4%8, pending tasks: 0
naming_5%8, pending tasks: 0
naming_6%8, pending tasks: 0
naming_7%8, pending tasks: 0


2024-04-12 15:24:09,236 INFO DISTRO:|0|0|0|

2024-04-12 15:25:09,241 INFO PERFORMANCE:|0|0|0|-1|-1|19|1334

2024-04-12 15:25:09,241 INFO Task worker status: 
naming_0%8, pending tasks: 0
naming_1%8, pending tasks: 0
naming_2%8, pending tasks: 0
naming_3%8, pending tasks: 0
naming_4%8, pending tasks: 0
naming_5%8, pending tasks: 0
naming_6%8, pending tasks: 0
naming_7%8, pending tasks: 0


2024-04-12 15:25:09,241 INFO DISTRO:|0|0|0|

2024-04-12 15:26:09,250 INFO PERFORMANCE:|0|0|0|-1|-1|19|1334

2024-04-12 15:26:09,250 INFO Task worker status: 
naming_0%8, pending tasks: 0
naming_1%8, pending tasks: 0
naming_2%8, pending tasks: 0
naming_3%8, pending tasks: 0
naming_4%8, pending tasks: 0
naming_5%8, pending tasks: 0
naming_6%8, pending tasks: 0
naming_7%8, pending tasks: 0


2024-04-12 15:26:09,250 INFO DISTRO:|0|0|0|

2024-04-12 15:27:09,252 INFO PERFORMANCE:|0|0|0|-1|-1|19|1334

2024-04-12 15:27:09,252 INFO Task worker status: 
naming_0%8, pending tasks: 0
naming_1%8, pending tasks: 0
naming_2%8, pending tasks: 0
naming_3%8, pending tasks: 0
naming_4%8, pending tasks: 0
naming_5%8, pending tasks: 0
naming_6%8, pending tasks: 0
naming_7%8, pending tasks: 0


2024-04-12 15:27:09,252 INFO DISTRO:|0|0|0|

2024-04-12 15:28:09,262 INFO PERFORMANCE:|0|0|0|-1|-1|19|1334

2024-04-12 15:28:09,262 INFO Task worker status: 
naming_0%8, pending tasks: 0
naming_1%8, pending tasks: 0
naming_2%8, pending tasks: 0
naming_3%8, pending tasks: 0
naming_4%8, pending tasks: 0
naming_5%8, pending tasks: 0
naming_6%8, pending tasks: 0
naming_7%8, pending tasks: 0


2024-04-12 15:28:09,262 INFO DISTRO:|0|0|0|

2024-04-12 15:29:09,264 INFO PERFORMANCE:|0|0|0|-1|-1|19|1334

2024-04-12 15:29:09,264 INFO Task worker status: 
naming_0%8, pending tasks: 0
naming_1%8, pending tasks: 0
naming_2%8, pending tasks: 0
naming_3%8, pending tasks: 0
naming_4%8, pending tasks: 0
naming_5%8, pending tasks: 0
naming_6%8, pending tasks: 0
naming_7%8, pending tasks: 0


2024-04-12 15:29:09,264 INFO DISTRO:|0|0|0|

2024-04-12 15:30:09,269 INFO PERFORMANCE:|0|0|0|-1|-1|19|1334

2024-04-12 15:30:09,269 INFO Task worker status: 
naming_0%8, pending tasks: 0
naming_1%8, pending tasks: 0
naming_2%8, pending tasks: 0
naming_3%8, pending tasks: 0
naming_4%8, pending tasks: 0
naming_5%8, pending tasks: 0
naming_6%8, pending tasks: 0
naming_7%8, pending tasks: 0


2024-04-12 15:30:09,269 INFO DISTRO:|0|0|0|

2024-04-12 15:31:09,270 INFO PERFORMANCE:|serviceCount|ipCount|subscribeCount|maxPushCost|avgPushCost|totalPushCount|failPushCount

2024-04-12 15:31:09,270 INFO DISTRO:|V1SyncDone|V1SyncFail|V2SyncDone|V2SyncFail|V2VerifyFail|

2024-04-12 15:31:09,270 INFO PERFORMANCE:|0|0|0|-1|-1|19|1334

2024-04-12 15:31:09,270 INFO Task worker status: 
naming_0%8, pending tasks: 0
naming_1%8, pending tasks: 0
naming_2%8, pending tasks: 0
naming_3%8, pending tasks: 0
naming_4%8, pending tasks: 0
naming_5%8, pending tasks: 0
naming_6%8, pending tasks: 0
naming_7%8, pending tasks: 0


2024-04-12 15:31:09,270 INFO DISTRO:|0|0|0|

2024-04-12 15:32:09,283 INFO PERFORMANCE:|0|0|0|-1|-1|19|1334

2024-04-12 15:32:09,283 INFO Task worker status: 
naming_0%8, pending tasks: 0
naming_1%8, pending tasks: 0
naming_2%8, pending tasks: 0
naming_3%8, pending tasks: 0
naming_4%8, pending tasks: 0
naming_5%8, pending tasks: 0
naming_6%8, pending tasks: 0
naming_7%8, pending tasks: 0


2024-04-12 15:32:09,283 INFO DISTRO:|0|0|0|

2024-04-12 15:33:09,284 INFO PERFORMANCE:|0|0|0|-1|-1|19|1334

2024-04-12 15:33:09,284 INFO Task worker status: 
naming_0%8, pending tasks: 0
naming_1%8, pending tasks: 0
naming_2%8, pending tasks: 0
naming_3%8, pending tasks: 0
naming_4%8, pending tasks: 0
naming_5%8, pending tasks: 0
naming_6%8, pending tasks: 0
naming_7%8, pending tasks: 0


2024-04-12 15:33:09,284 INFO DISTRO:|0|0|0|

2024-04-12 15:34:09,285 INFO PERFORMANCE:|0|0|0|-1|-1|19|1334

2024-04-12 15:34:09,285 INFO Task worker status: 
naming_0%8, pending tasks: 0
naming_1%8, pending tasks: 0
naming_2%8, pending tasks: 0
naming_3%8, pending tasks: 0
naming_4%8, pending tasks: 0
naming_5%8, pending tasks: 0
naming_6%8, pending tasks: 0
naming_7%8, pending tasks: 0


2024-04-12 15:34:09,285 INFO DISTRO:|0|0|0|

2024-04-12 15:35:09,294 INFO PERFORMANCE:|0|0|0|-1|-1|19|1334

2024-04-12 15:35:09,294 INFO Task worker status: 
naming_0%8, pending tasks: 0
naming_1%8, pending tasks: 0
naming_2%8, pending tasks: 0
naming_3%8, pending tasks: 0
naming_4%8, pending tasks: 0
naming_5%8, pending tasks: 0
naming_6%8, pending tasks: 0
naming_7%8, pending tasks: 0


2024-04-12 15:35:09,294 INFO DISTRO:|0|0|0|

2024-04-12 15:36:09,296 INFO PERFORMANCE:|0|0|0|-1|-1|19|1334

2024-04-12 15:36:09,296 INFO Task worker status: 
naming_0%8, pending tasks: 0
naming_1%8, pending tasks: 0
naming_2%8, pending tasks: 0
naming_3%8, pending tasks: 0
naming_4%8, pending tasks: 0
naming_5%8, pending tasks: 0
naming_6%8, pending tasks: 0
naming_7%8, pending tasks: 0


2024-04-12 15:36:09,296 INFO DISTRO:|0|0|0|

2024-04-12 15:37:09,303 INFO PERFORMANCE:|0|0|0|-1|-1|19|1334

2024-04-12 15:37:09,303 INFO Task worker status: 
naming_0%8, pending tasks: 0
naming_1%8, pending tasks: 0
naming_2%8, pending tasks: 0
naming_3%8, pending tasks: 0
naming_4%8, pending tasks: 0
naming_5%8, pending tasks: 0
naming_6%8, pending tasks: 0
naming_7%8, pending tasks: 0


2024-04-12 15:37:09,303 INFO DISTRO:|0|0|0|

2024-04-12 15:38:09,315 INFO PERFORMANCE:|0|0|0|-1|-1|19|1334

2024-04-12 15:38:09,315 INFO Task worker status: 
naming_0%8, pending tasks: 0
naming_1%8, pending tasks: 0
naming_2%8, pending tasks: 0
naming_3%8, pending tasks: 0
naming_4%8, pending tasks: 0
naming_5%8, pending tasks: 0
naming_6%8, pending tasks: 0
naming_7%8, pending tasks: 0


2024-04-12 15:38:09,315 INFO DISTRO:|0|0|0|

2024-04-12 15:39:09,330 INFO PERFORMANCE:|0|0|0|-1|-1|19|1334

2024-04-12 15:39:09,330 INFO Task worker status: 
naming_0%8, pending tasks: 0
naming_1%8, pending tasks: 0
naming_2%8, pending tasks: 0
naming_3%8, pending tasks: 0
naming_4%8, pending tasks: 0
naming_5%8, pending tasks: 0
naming_6%8, pending tasks: 0
naming_7%8, pending tasks: 0


2024-04-12 15:39:09,330 INFO DISTRO:|0|0|0|

2024-04-12 15:40:09,333 INFO PERFORMANCE:|0|0|0|-1|-1|19|1334

2024-04-12 15:40:09,333 INFO Task worker status: 
naming_0%8, pending tasks: 0
naming_1%8, pending tasks: 0
naming_2%8, pending tasks: 0
naming_3%8, pending tasks: 0
naming_4%8, pending tasks: 0
naming_5%8, pending tasks: 0
naming_6%8, pending tasks: 0
naming_7%8, pending tasks: 0


2024-04-12 15:40:09,333 INFO DISTRO:|0|0|0|

2024-04-12 15:41:09,345 INFO PERFORMANCE:|serviceCount|ipCount|subscribeCount|maxPushCost|avgPushCost|totalPushCount|failPushCount

2024-04-12 15:41:09,345 INFO DISTRO:|V1SyncDone|V1SyncFail|V2SyncDone|V2SyncFail|V2VerifyFail|

2024-04-12 15:41:09,345 INFO PERFORMANCE:|0|0|0|-1|-1|19|1334

2024-04-12 15:41:09,345 INFO Task worker status: 
naming_0%8, pending tasks: 0
naming_1%8, pending tasks: 0
naming_2%8, pending tasks: 0
naming_3%8, pending tasks: 0
naming_4%8, pending tasks: 0
naming_5%8, pending tasks: 0
naming_6%8, pending tasks: 0
naming_7%8, pending tasks: 0


2024-04-12 15:41:09,345 INFO DISTRO:|0|0|0|

2024-04-12 15:42:09,347 INFO PERFORMANCE:|0|0|0|-1|-1|19|1334

2024-04-12 15:42:09,347 INFO Task worker status: 
naming_0%8, pending tasks: 0
naming_1%8, pending tasks: 0
naming_2%8, pending tasks: 0
naming_3%8, pending tasks: 0
naming_4%8, pending tasks: 0
naming_5%8, pending tasks: 0
naming_6%8, pending tasks: 0
naming_7%8, pending tasks: 0


2024-04-12 15:42:09,347 INFO DISTRO:|0|0|0|

2024-04-12 15:43:09,354 INFO PERFORMANCE:|0|0|0|-1|-1|19|1334

2024-04-12 15:43:09,354 INFO Task worker status: 
naming_0%8, pending tasks: 0
naming_1%8, pending tasks: 0
naming_2%8, pending tasks: 0
naming_3%8, pending tasks: 0
naming_4%8, pending tasks: 0
naming_5%8, pending tasks: 0
naming_6%8, pending tasks: 0
naming_7%8, pending tasks: 0


2024-04-12 15:43:09,354 INFO DISTRO:|0|0|0|

2024-04-12 15:44:09,362 INFO PERFORMANCE:|0|0|0|-1|-1|19|1334

2024-04-12 15:44:09,362 INFO Task worker status: 
naming_0%8, pending tasks: 0
naming_1%8, pending tasks: 0
naming_2%8, pending tasks: 0
naming_3%8, pending tasks: 0
naming_4%8, pending tasks: 0
naming_5%8, pending tasks: 0
naming_6%8, pending tasks: 0
naming_7%8, pending tasks: 0


2024-04-12 15:44:09,362 INFO DISTRO:|0|0|0|

2024-04-12 15:45:09,370 INFO PERFORMANCE:|0|0|0|-1|-1|19|1334

2024-04-12 15:45:09,370 INFO Task worker status: 
naming_0%8, pending tasks: 0
naming_1%8, pending tasks: 0
naming_2%8, pending tasks: 0
naming_3%8, pending tasks: 0
naming_4%8, pending tasks: 0
naming_5%8, pending tasks: 0
naming_6%8, pending tasks: 0
naming_7%8, pending tasks: 0


2024-04-12 15:45:09,370 INFO DISTRO:|0|0|0|

2024-04-12 15:46:09,383 INFO PERFORMANCE:|0|0|0|-1|-1|19|1334

2024-04-12 15:46:09,383 INFO Task worker status: 
naming_0%8, pending tasks: 0
naming_1%8, pending tasks: 0
naming_2%8, pending tasks: 0
naming_3%8, pending tasks: 0
naming_4%8, pending tasks: 0
naming_5%8, pending tasks: 0
naming_6%8, pending tasks: 0
naming_7%8, pending tasks: 0


2024-04-12 15:46:09,383 INFO DISTRO:|0|0|0|

2024-04-12 15:47:09,392 INFO PERFORMANCE:|0|0|0|-1|-1|19|1334

2024-04-12 15:47:09,392 INFO Task worker status: 
naming_0%8, pending tasks: 0
naming_1%8, pending tasks: 0
naming_2%8, pending tasks: 0
naming_3%8, pending tasks: 0
naming_4%8, pending tasks: 0
naming_5%8, pending tasks: 0
naming_6%8, pending tasks: 0
naming_7%8, pending tasks: 0


2024-04-12 15:47:09,392 INFO DISTRO:|0|0|0|

2024-04-12 15:48:09,402 INFO PERFORMANCE:|0|0|0|-1|-1|19|1334

2024-04-12 15:48:09,402 INFO Task worker status: 
naming_0%8, pending tasks: 0
naming_1%8, pending tasks: 0
naming_2%8, pending tasks: 0
naming_3%8, pending tasks: 0
naming_4%8, pending tasks: 0
naming_5%8, pending tasks: 0
naming_6%8, pending tasks: 0
naming_7%8, pending tasks: 0


2024-04-12 15:48:09,402 INFO DISTRO:|0|0|0|

2024-04-12 15:49:09,403 INFO PERFORMANCE:|0|0|0|-1|-1|19|1334

2024-04-12 15:49:09,403 INFO Task worker status: 
naming_0%8, pending tasks: 0
naming_1%8, pending tasks: 0
naming_2%8, pending tasks: 0
naming_3%8, pending tasks: 0
naming_4%8, pending tasks: 0
naming_5%8, pending tasks: 0
naming_6%8, pending tasks: 0
naming_7%8, pending tasks: 0


2024-04-12 15:49:09,403 INFO DISTRO:|0|0|0|

2024-04-12 15:50:09,405 INFO PERFORMANCE:|0|0|0|-1|-1|19|1334

2024-04-12 15:50:09,405 INFO Task worker status: 
naming_0%8, pending tasks: 0
naming_1%8, pending tasks: 0
naming_2%8, pending tasks: 0
naming_3%8, pending tasks: 0
naming_4%8, pending tasks: 0
naming_5%8, pending tasks: 0
naming_6%8, pending tasks: 0
naming_7%8, pending tasks: 0


2024-04-12 15:50:09,405 INFO DISTRO:|0|0|0|

2024-04-12 15:51:09,410 INFO PERFORMANCE:|serviceCount|ipCount|subscribeCount|maxPushCost|avgPushCost|totalPushCount|failPushCount

2024-04-12 15:51:09,410 INFO DISTRO:|V1SyncDone|V1SyncFail|V2SyncDone|V2SyncFail|V2VerifyFail|

2024-04-12 15:51:09,410 INFO PERFORMANCE:|0|0|0|-1|-1|19|1334

2024-04-12 15:51:09,410 INFO Task worker status: 
naming_0%8, pending tasks: 0
naming_1%8, pending tasks: 0
naming_2%8, pending tasks: 0
naming_3%8, pending tasks: 0
naming_4%8, pending tasks: 0
naming_5%8, pending tasks: 0
naming_6%8, pending tasks: 0
naming_7%8, pending tasks: 0


2024-04-12 15:51:09,410 INFO DISTRO:|0|0|0|

2024-04-12 15:52:09,422 INFO PERFORMANCE:|0|0|0|-1|-1|19|1334

2024-04-12 15:52:09,422 INFO Task worker status: 
naming_0%8, pending tasks: 0
naming_1%8, pending tasks: 0
naming_2%8, pending tasks: 0
naming_3%8, pending tasks: 0
naming_4%8, pending tasks: 0
naming_5%8, pending tasks: 0
naming_6%8, pending tasks: 0
naming_7%8, pending tasks: 0


2024-04-12 15:52:09,422 INFO DISTRO:|0|0|0|

2024-04-12 15:53:09,429 INFO PERFORMANCE:|0|0|0|-1|-1|19|1334

2024-04-12 15:53:09,429 INFO Task worker status: 
naming_0%8, pending tasks: 0
naming_1%8, pending tasks: 0
naming_2%8, pending tasks: 0
naming_3%8, pending tasks: 0
naming_4%8, pending tasks: 0
naming_5%8, pending tasks: 0
naming_6%8, pending tasks: 0
naming_7%8, pending tasks: 0


2024-04-12 15:53:09,429 INFO DISTRO:|0|0|0|

2024-04-12 15:54:09,433 INFO PERFORMANCE:|0|0|0|-1|-1|19|1334

2024-04-12 15:54:09,433 INFO Task worker status: 
naming_0%8, pending tasks: 0
naming_1%8, pending tasks: 0
naming_2%8, pending tasks: 0
naming_3%8, pending tasks: 0
naming_4%8, pending tasks: 0
naming_5%8, pending tasks: 0
naming_6%8, pending tasks: 0
naming_7%8, pending tasks: 0


2024-04-12 15:54:09,433 INFO DISTRO:|0|0|0|

2024-04-12 15:55:09,439 INFO PERFORMANCE:|0|0|0|-1|-1|19|1334

2024-04-12 15:55:09,439 INFO Task worker status: 
naming_0%8, pending tasks: 0
naming_1%8, pending tasks: 0
naming_2%8, pending tasks: 0
naming_3%8, pending tasks: 0
naming_4%8, pending tasks: 0
naming_5%8, pending tasks: 0
naming_6%8, pending tasks: 0
naming_7%8, pending tasks: 0


2024-04-12 15:55:09,439 INFO DISTRO:|0|0|0|

2024-04-12 15:56:09,444 INFO PERFORMANCE:|0|0|0|-1|-1|19|1334

2024-04-12 15:56:09,444 INFO Task worker status: 
naming_0%8, pending tasks: 0
naming_1%8, pending tasks: 0
naming_2%8, pending tasks: 0
naming_3%8, pending tasks: 0
naming_4%8, pending tasks: 0
naming_5%8, pending tasks: 0
naming_6%8, pending tasks: 0
naming_7%8, pending tasks: 0


2024-04-12 15:56:09,444 INFO DISTRO:|0|0|0|

2024-04-12 15:57:09,445 INFO PERFORMANCE:|0|0|0|-1|-1|19|1334

2024-04-12 15:57:09,445 INFO Task worker status: 
naming_0%8, pending tasks: 0
naming_1%8, pending tasks: 0
naming_2%8, pending tasks: 0
naming_3%8, pending tasks: 0
naming_4%8, pending tasks: 0
naming_5%8, pending tasks: 0
naming_6%8, pending tasks: 0
naming_7%8, pending tasks: 0


2024-04-12 15:57:09,445 INFO DISTRO:|0|0|0|

2024-04-12 15:58:09,456 INFO PERFORMANCE:|0|0|0|-1|-1|19|1334

2024-04-12 15:58:09,456 INFO Task worker status: 
naming_0%8, pending tasks: 0
naming_1%8, pending tasks: 0
naming_2%8, pending tasks: 0
naming_3%8, pending tasks: 0
naming_4%8, pending tasks: 0
naming_5%8, pending tasks: 0
naming_6%8, pending tasks: 0
naming_7%8, pending tasks: 0


2024-04-12 15:58:09,456 INFO DISTRO:|0|0|0|

2024-04-12 15:59:09,469 INFO PERFORMANCE:|0|0|0|-1|-1|19|1334

2024-04-12 15:59:09,469 INFO Task worker status: 
naming_0%8, pending tasks: 0
naming_1%8, pending tasks: 0
naming_2%8, pending tasks: 0
naming_3%8, pending tasks: 0
naming_4%8, pending tasks: 0
naming_5%8, pending tasks: 0
naming_6%8, pending tasks: 0
naming_7%8, pending tasks: 0


2024-04-12 15:59:09,469 INFO DISTRO:|0|0|0|

2024-04-12 16:00:09,478 INFO PERFORMANCE:|0|0|0|-1|-1|19|1334

2024-04-12 16:00:09,478 INFO Task worker status: 
naming_0%8, pending tasks: 0
naming_1%8, pending tasks: 0
naming_2%8, pending tasks: 0
naming_3%8, pending tasks: 0
naming_4%8, pending tasks: 0
naming_5%8, pending tasks: 0
naming_6%8, pending tasks: 0
naming_7%8, pending tasks: 0


2024-04-12 16:00:09,478 INFO DISTRO:|0|0|0|

2024-04-12 16:01:09,489 INFO PERFORMANCE:|serviceCount|ipCount|subscribeCount|maxPushCost|avgPushCost|totalPushCount|failPushCount

2024-04-12 16:01:09,489 INFO DISTRO:|V1SyncDone|V1SyncFail|V2SyncDone|V2SyncFail|V2VerifyFail|

2024-04-12 16:01:09,489 INFO PERFORMANCE:|0|0|0|-1|-1|19|1334

2024-04-12 16:01:09,489 INFO Task worker status: 
naming_0%8, pending tasks: 0
naming_1%8, pending tasks: 0
naming_2%8, pending tasks: 0
naming_3%8, pending tasks: 0
naming_4%8, pending tasks: 0
naming_5%8, pending tasks: 0
naming_6%8, pending tasks: 0
naming_7%8, pending tasks: 0


2024-04-12 16:01:09,489 INFO DISTRO:|0|0|0|

2024-04-12 16:02:09,492 INFO PERFORMANCE:|0|0|0|-1|-1|19|1334

2024-04-12 16:02:09,492 INFO Task worker status: 
naming_0%8, pending tasks: 0
naming_1%8, pending tasks: 0
naming_2%8, pending tasks: 0
naming_3%8, pending tasks: 0
naming_4%8, pending tasks: 0
naming_5%8, pending tasks: 0
naming_6%8, pending tasks: 0
naming_7%8, pending tasks: 0


2024-04-12 16:02:09,492 INFO DISTRO:|0|0|0|

2024-04-12 16:03:09,504 INFO PERFORMANCE:|0|0|0|-1|-1|19|1334

2024-04-12 16:03:09,504 INFO Task worker status: 
naming_0%8, pending tasks: 0
naming_1%8, pending tasks: 0
naming_2%8, pending tasks: 0
naming_3%8, pending tasks: 0
naming_4%8, pending tasks: 0
naming_5%8, pending tasks: 0
naming_6%8, pending tasks: 0
naming_7%8, pending tasks: 0


2024-04-12 16:03:09,504 INFO DISTRO:|0|0|0|

2024-04-12 16:04:09,512 INFO PERFORMANCE:|0|0|0|-1|-1|19|1334

2024-04-12 16:04:09,512 INFO Task worker status: 
naming_0%8, pending tasks: 0
naming_1%8, pending tasks: 0
naming_2%8, pending tasks: 0
naming_3%8, pending tasks: 0
naming_4%8, pending tasks: 0
naming_5%8, pending tasks: 0
naming_6%8, pending tasks: 0
naming_7%8, pending tasks: 0


2024-04-12 16:04:09,512 INFO DISTRO:|0|0|0|

2024-04-12 16:05:09,514 INFO PERFORMANCE:|0|0|0|-1|-1|19|1334

2024-04-12 16:05:09,514 INFO Task worker status: 
naming_0%8, pending tasks: 0
naming_1%8, pending tasks: 0
naming_2%8, pending tasks: 0
naming_3%8, pending tasks: 0
naming_4%8, pending tasks: 0
naming_5%8, pending tasks: 0
naming_6%8, pending tasks: 0
naming_7%8, pending tasks: 0


2024-04-12 16:05:09,514 INFO DISTRO:|0|0|0|

2024-04-12 16:06:09,516 INFO PERFORMANCE:|0|0|0|-1|-1|19|1334

2024-04-12 16:06:09,516 INFO Task worker status: 
naming_0%8, pending tasks: 0
naming_1%8, pending tasks: 0
naming_2%8, pending tasks: 0
naming_3%8, pending tasks: 0
naming_4%8, pending tasks: 0
naming_5%8, pending tasks: 0
naming_6%8, pending tasks: 0
naming_7%8, pending tasks: 0


2024-04-12 16:06:09,516 INFO DISTRO:|0|0|0|

2024-04-12 16:07:09,523 INFO PERFORMANCE:|0|0|0|-1|-1|19|1334

2024-04-12 16:07:09,523 INFO Task worker status: 
naming_0%8, pending tasks: 0
naming_1%8, pending tasks: 0
naming_2%8, pending tasks: 0
naming_3%8, pending tasks: 0
naming_4%8, pending tasks: 0
naming_5%8, pending tasks: 0
naming_6%8, pending tasks: 0
naming_7%8, pending tasks: 0


2024-04-12 16:07:09,523 INFO DISTRO:|0|0|0|

